<?xml version="1.0" encoding="UTF-8"?>
<testsuite name="br.com.desafiotecnico.controller.OrdemServicoControllerTest" tests="9" skipped="0" failures="0" errors="0" timestamp="2016-08-10T02:40:57" hostname="YT-1300" time="0.927">
  <properties/>
  <testcase name="deveExecutarMetodoParaSalvarUmaOrdemServicoComSucesso" classname="br.com.desafiotecnico.controller.OrdemServicoControllerTest" time="0.171"/>
  <testcase name="deveRetornarPaginaDeConfirmacaoParaRemoverOrdemServico" classname="br.com.desafiotecnico.controller.OrdemServicoControllerTest" time="0.16"/>
  <testcase name="deveRetornarFormularioParaEdicaoDaOrdemServico" classname="br.com.desafiotecnico.controller.OrdemServicoControllerTest" time="0.07"/>
  <testcase name="deveExecutarMetodoPagarOrdemDeServicoERedirecionarParaUrlDaHome" classname="br.com.desafiotecnico.controller.OrdemServicoControllerTest" time="0.083"/>
  <testcase name="deveRetornarFormularioParaNovaOrdemServico" classname="br.com.desafiotecnico.controller.OrdemServicoControllerTest" time="0.114"/>
  <testcase name="deveRetornarOFormularioParaOrdemServicoComFalhaNaValidacao" classname="br.com.desafiotecnico.controller.OrdemServicoControllerTest" time="0.13"/>
  <testcase name="deveRetornarPaginaParaVisualizarOrdemServico" classname="br.com.desafiotecnico.controller.OrdemServicoControllerTest" time="0.065"/>
  <testcase name="deveExecutarMetodoCancelarPagamentoOrdemDeServicoERedirecionarParaUrlDaHome" classname="br.com.desafiotecnico.controller.OrdemServicoControllerTest" time="0.061"/>
  <testcase name="deveExecutarMetodoParaRemoverOrdemServico" classname="br.com.desafiotecnico.controller.OrdemServicoControllerTest" time="0.059"/>
  <system-out><![CDATA[23:40:57.827 [Test worker] DEBUG org.springframework.core.env.StandardEnvironment - Adding [systemProperties] PropertySource with lowest search precedence
23:40:57.828 [Test worker] DEBUG org.springframework.core.env.StandardEnvironment - Adding [systemEnvironment] PropertySource with lowest search precedence
23:40:57.834 [Test worker] DEBUG org.springframework.core.env.StandardEnvironment - Initialized StandardEnvironment with PropertySources [systemProperties,systemEnvironment]
23:40:57.838 [Test worker] DEBUG org.springframework.test.web.servlet.setup.StandaloneMockMvcBuilder$StaticRequestMappingHandlerMapping - Looking for request mappings in application context: org.springframework.test.web.servlet.setup.StubWebApplicationContext@4dfdb364
23:40:57.850 [Test worker] DEBUG org.springframework.test.web.servlet.setup.StandaloneMockMvcBuilder$StaticRequestMappingHandlerMapping - 8 request handler methods found on class br.com.desafiotecnico.controller.OrdemServicoController: {public org.springframework.web.servlet.ModelAndView br.com.desafiotecnico.controller.OrdemServicoController.salvar(br.com.desafiotecnico.model.OrdemServico,org.springframework.validation.BindingResult,org.springframework.web.servlet.mvc.support.RedirectAttributes)={[/ordens_servico/salvar],methods=[POST]}, public org.springframework.web.servlet.ModelAndView br.com.desafiotecnico.controller.OrdemServicoController.remover(java.lang.Long)={[/ordens_servico/{id}/remover],methods=[GET]}, public org.springframework.web.servlet.ModelAndView br.com.desafiotecnico.controller.OrdemServicoController.pagar(java.lang.Long,org.springframework.web.servlet.mvc.support.RedirectAttributes)={[/ordens_servico/{id}/pagar],methods=[GET]}, public org.springframework.web.servlet.ModelAndView br.com.desafiotecnico.controller.OrdemServicoController.cancelarPagamento(java.lang.Long,org.springframework.web.servlet.mvc.support.RedirectAttributes)={[/ordens_servico/{id}/cancelar_pagamento],methods=[GET]}, public org.springframework.web.servlet.ModelAndView br.com.desafiotecnico.controller.OrdemServicoController.novo(java.lang.Long,java.lang.Long)={[/ordens_servico/novo],methods=[GET]}, public org.springframework.web.servlet.ModelAndView br.com.desafiotecnico.controller.OrdemServicoController.editar(java.lang.Long)={[/ordens_servico/{id}/editar],methods=[GET]}, public org.springframework.web.servlet.ModelAndView br.com.desafiotecnico.controller.OrdemServicoController.excluir(java.lang.Long,org.springframework.web.servlet.mvc.support.RedirectAttributes)={[/ordens_servico/{id}/remover],methods=[DELETE]}, public org.springframework.web.servlet.ModelAndView br.com.desafiotecnico.controller.OrdemServicoController.visualizar(java.lang.Long)={[/ordens_servico/{id}],methods=[GET]}}
23:40:57.850 [Test worker] INFO org.springframework.test.web.servlet.setup.StandaloneMockMvcBuilder$StaticRequestMappingHandlerMapping - Mapped "{[/ordens_servico/salvar],methods=[POST]}" onto public org.springframework.web.servlet.ModelAndView br.com.desafiotecnico.controller.OrdemServicoController.salvar(br.com.desafiotecnico.model.OrdemServico,org.springframework.validation.BindingResult,org.springframework.web.servlet.mvc.support.RedirectAttributes)
23:40:57.851 [Test worker] INFO org.springframework.test.web.servlet.setup.StandaloneMockMvcBuilder$StaticRequestMappingHandlerMapping - Mapped "{[/ordens_servico/{id}/remover],methods=[GET]}" onto public org.springframework.web.servlet.ModelAndView br.com.desafiotecnico.controller.OrdemServicoController.remover(java.lang.Long)
23:40:57.851 [Test worker] INFO org.springframework.test.web.servlet.setup.StandaloneMockMvcBuilder$StaticRequestMappingHandlerMapping - Mapped "{[/ordens_servico/{id}/pagar],methods=[GET]}" onto public org.springframework.web.servlet.ModelAndView br.com.desafiotecnico.controller.OrdemServicoController.pagar(java.lang.Long,org.springframework.web.servlet.mvc.support.RedirectAttributes)
23:40:57.852 [Test worker] INFO org.springframework.test.web.servlet.setup.StandaloneMockMvcBuilder$StaticRequestMappingHandlerMapping - Mapped "{[/ordens_servico/{id}/cancelar_pagamento],methods=[GET]}" onto public org.springframework.web.servlet.ModelAndView br.com.desafiotecnico.controller.OrdemServicoController.cancelarPagamento(java.lang.Long,org.springframework.web.servlet.mvc.support.RedirectAttributes)
23:40:57.852 [Test worker] INFO org.springframework.test.web.servlet.setup.StandaloneMockMvcBuilder$StaticRequestMappingHandlerMapping - Mapped "{[/ordens_servico/novo],methods=[GET]}" onto public org.springframework.web.servlet.ModelAndView br.com.desafiotecnico.controller.OrdemServicoController.novo(java.lang.Long,java.lang.Long)
23:40:57.853 [Test worker] INFO org.springframework.test.web.servlet.setup.StandaloneMockMvcBuilder$StaticRequestMappingHandlerMapping - Mapped "{[/ordens_servico/{id}/editar],methods=[GET]}" onto public org.springframework.web.servlet.ModelAndView br.com.desafiotecnico.controller.OrdemServicoController.editar(java.lang.Long)
23:40:57.854 [Test worker] INFO org.springframework.test.web.servlet.setup.StandaloneMockMvcBuilder$StaticRequestMappingHandlerMapping - Mapped "{[/ordens_servico/{id}/remover],methods=[DELETE]}" onto public org.springframework.web.servlet.ModelAndView br.com.desafiotecnico.controller.OrdemServicoController.excluir(java.lang.Long,org.springframework.web.servlet.mvc.support.RedirectAttributes)
23:40:57.854 [Test worker] INFO org.springframework.test.web.servlet.setup.StandaloneMockMvcBuilder$StaticRequestMappingHandlerMapping - Mapped "{[/ordens_servico/{id}],methods=[GET]}" onto public org.springframework.web.servlet.ModelAndView br.com.desafiotecnico.controller.OrdemServicoController.visualizar(java.lang.Long)
23:40:57.870 [Test worker] DEBUG org.hibernate.validator.internal.engine.resolver.DefaultTraversableResolver - Found javax.persistence.Persistence on classpath containing 'getPersistenceUtil'. Assuming JPA 2 environment. Trying to instantiate JPA aware TraversableResolver
23:40:57.870 [Test worker] DEBUG org.hibernate.validator.internal.engine.resolver.DefaultTraversableResolver - Instantiated JPA aware TraversableResolver of type org.hibernate.validator.internal.engine.resolver.JPATraversableResolver.
23:40:57.870 [Test worker] DEBUG org.hibernate.validator.internal.engine.ConfigurationImpl - Setting custom MessageInterpolator of type org.springframework.validation.beanvalidation.LocaleContextMessageInterpolator
23:40:57.870 [Test worker] DEBUG org.hibernate.validator.internal.engine.ConfigurationImpl - Setting custom ParameterNameProvider of type com.sun.proxy.$Proxy23
23:40:57.871 [Test worker] DEBUG org.hibernate.validator.internal.xml.ValidationXmlParser - Trying to load META-INF/validation.xml for XML based Validator configuration.
23:40:57.871 [Test worker] DEBUG org.hibernate.validator.internal.xml.ResourceLoaderHelper - Trying to load META-INF/validation.xml via TCCL
23:40:57.873 [Test worker] DEBUG org.hibernate.validator.internal.xml.ResourceLoaderHelper - Trying to load META-INF/validation.xml via Hibernate Validator's class loader
23:40:57.874 [Test worker] DEBUG org.hibernate.validator.internal.xml.ValidationXmlParser - No META-INF/validation.xml found. Using annotation based configuration only.
23:40:57.880 [Test worker] INFO org.springframework.web.servlet.mvc.method.annotation.RequestMappingHandlerAdapter - Looking for @ControllerAdvice: org.springframework.test.web.servlet.setup.StubWebApplicationContext@4dfdb364
23:40:57.887 [Test worker] DEBUG org.springframework.web.servlet.mvc.method.annotation.ExceptionHandlerExceptionResolver - Looking for exception mappings: org.springframework.test.web.servlet.setup.StubWebApplicationContext@4dfdb364
23:40:57.888 [Test worker] DEBUG org.springframework.test.web.servlet.TestDispatcherServlet - Initializing servlet ''
23:40:57.890 [Test worker] DEBUG org.springframework.web.context.support.StandardServletEnvironment - Adding [servletConfigInitParams] PropertySource with lowest search precedence
23:40:57.890 [Test worker] DEBUG org.springframework.web.context.support.StandardServletEnvironment - Adding [servletContextInitParams] PropertySource with lowest search precedence
23:40:57.891 [Test worker] DEBUG org.springframework.web.context.support.StandardServletEnvironment - Adding [systemProperties] PropertySource with lowest search precedence
23:40:57.891 [Test worker] DEBUG org.springframework.web.context.support.StandardServletEnvironment - Adding [systemEnvironment] PropertySource with lowest search precedence
23:40:57.891 [Test worker] DEBUG org.springframework.web.context.support.StandardServletEnvironment - Initialized StandardServletEnvironment with PropertySources [servletConfigInitParams,servletContextInitParams,systemProperties,systemEnvironment]
23:40:57.891 [Test worker] INFO org.springframework.mock.web.MockServletContext - Initializing Spring FrameworkServlet ''
23:40:57.891 [Test worker] INFO org.springframework.test.web.servlet.TestDispatcherServlet - FrameworkServlet '': initialization started
23:40:57.891 [Test worker] DEBUG org.springframework.test.web.servlet.TestDispatcherServlet - Unable to locate MultipartResolver with name 'multipartResolver': no multipart request handling provided
23:40:57.891 [Test worker] DEBUG org.springframework.test.web.servlet.TestDispatcherServlet - Using LocaleResolver [org.springframework.web.servlet.i18n.AcceptHeaderLocaleResolver@7eb3e533]
23:40:57.892 [Test worker] DEBUG org.springframework.test.web.servlet.TestDispatcherServlet - Using ThemeResolver [org.springframework.web.servlet.theme.FixedThemeResolver@6c7c33c4]
23:40:57.897 [Test worker] DEBUG org.springframework.test.web.servlet.TestDispatcherServlet - Using RequestToViewNameTranslator [org.springframework.web.servlet.view.DefaultRequestToViewNameTranslator@691eb215]
23:40:57.898 [Test worker] DEBUG org.springframework.test.web.servlet.TestDispatcherServlet - Using FlashMapManager [org.springframework.web.servlet.support.SessionFlashMapManager@2eefc37a]
23:40:57.898 [Test worker] DEBUG org.springframework.test.web.servlet.TestDispatcherServlet - Published WebApplicationContext of servlet '' as ServletContext attribute with name [org.springframework.web.servlet.FrameworkServlet.CONTEXT.]
23:40:57.898 [Test worker] INFO org.springframework.test.web.servlet.TestDispatcherServlet - FrameworkServlet '': initialization completed in 7 ms
23:40:57.898 [Test worker] DEBUG org.springframework.test.web.servlet.TestDispatcherServlet - Servlet '' configured successfully
23:40:57.899 [Test worker] DEBUG org.springframework.test.web.servlet.TestDispatcherServlet - DispatcherServlet with name '' processing POST request for [/ordens_servico/salvar]
23:40:57.899 [Test worker] DEBUG org.springframework.test.web.servlet.setup.StandaloneMockMvcBuilder$StaticRequestMappingHandlerMapping - Looking up handler method for path /ordens_servico/salvar
23:40:57.899 [Test worker] DEBUG org.springframework.test.web.servlet.setup.StandaloneMockMvcBuilder$StaticRequestMappingHandlerMapping - Returning handler method [public org.springframework.web.servlet.ModelAndView br.com.desafiotecnico.controller.OrdemServicoController.salvar(br.com.desafiotecnico.model.OrdemServico,org.springframework.validation.BindingResult,org.springframework.web.servlet.mvc.support.RedirectAttributes)]
23:40:57.990 [Test worker] DEBUG org.springframework.test.web.servlet.TestDispatcherServlet - Rendering view [org.springframework.web.servlet.view.RedirectView: unnamed; URL [/ordens_servico/null]] in DispatcherServlet with name ''
23:40:57.990 [Test worker] DEBUG org.springframework.web.servlet.support.SessionFlashMapManager - Saving FlashMap=FlashMap [attributes={msgSuccess=Ordem de serviço gerada com sucesso!}, targetRequestPath=/ordens_servico/null, targetRequestParams={}]
23:40:57.990 [Test worker] DEBUG org.springframework.test.web.servlet.TestDispatcherServlet - Successfully completed request
23:40:57.995 [Test worker] DEBUG org.springframework.core.env.StandardEnvironment - Adding [systemProperties] PropertySource with lowest search precedence
23:40:57.996 [Test worker] DEBUG org.springframework.core.env.StandardEnvironment - Adding [systemEnvironment] PropertySource with lowest search precedence
23:40:57.996 [Test worker] DEBUG org.springframework.core.env.StandardEnvironment - Initialized StandardEnvironment with PropertySources [systemProperties,systemEnvironment]
23:40:57.998 [Test worker] DEBUG org.springframework.test.web.servlet.setup.StandaloneMockMvcBuilder$StaticRequestMappingHandlerMapping - Looking for request mappings in application context: org.springframework.test.web.servlet.setup.StubWebApplicationContext@7c609b5d
23:40:58.014 [Test worker] DEBUG org.springframework.test.web.servlet.setup.StandaloneMockMvcBuilder$StaticRequestMappingHandlerMapping - 8 request handler methods found on class br.com.desafiotecnico.controller.OrdemServicoController: {public org.springframework.web.servlet.ModelAndView br.com.desafiotecnico.controller.OrdemServicoController.salvar(br.com.desafiotecnico.model.OrdemServico,org.springframework.validation.BindingResult,org.springframework.web.servlet.mvc.support.RedirectAttributes)={[/ordens_servico/salvar],methods=[POST]}, public org.springframework.web.servlet.ModelAndView br.com.desafiotecnico.controller.OrdemServicoController.remover(java.lang.Long)={[/ordens_servico/{id}/remover],methods=[GET]}, public org.springframework.web.servlet.ModelAndView br.com.desafiotecnico.controller.OrdemServicoController.pagar(java.lang.Long,org.springframework.web.servlet.mvc.support.RedirectAttributes)={[/ordens_servico/{id}/pagar],methods=[GET]}, public org.springframework.web.servlet.ModelAndView br.com.desafiotecnico.controller.OrdemServicoController.cancelarPagamento(java.lang.Long,org.springframework.web.servlet.mvc.support.RedirectAttributes)={[/ordens_servico/{id}/cancelar_pagamento],methods=[GET]}, public org.springframework.web.servlet.ModelAndView br.com.desafiotecnico.controller.OrdemServicoController.novo(java.lang.Long,java.lang.Long)={[/ordens_servico/novo],methods=[GET]}, public org.springframework.web.servlet.ModelAndView br.com.desafiotecnico.controller.OrdemServicoController.editar(java.lang.Long)={[/ordens_servico/{id}/editar],methods=[GET]}, public org.springframework.web.servlet.ModelAndView br.com.desafiotecnico.controller.OrdemServicoController.excluir(java.lang.Long,org.springframework.web.servlet.mvc.support.RedirectAttributes)={[/ordens_servico/{id}/remover],methods=[DELETE]}, public org.springframework.web.servlet.ModelAndView br.com.desafiotecnico.controller.OrdemServicoController.visualizar(java.lang.Long)={[/ordens_servico/{id}],methods=[GET]}}
23:40:58.015 [Test worker] INFO org.springframework.test.web.servlet.setup.StandaloneMockMvcBuilder$StaticRequestMappingHandlerMapping - Mapped "{[/ordens_servico/salvar],methods=[POST]}" onto public org.springframework.web.servlet.ModelAndView br.com.desafiotecnico.controller.OrdemServicoController.salvar(br.com.desafiotecnico.model.OrdemServico,org.springframework.validation.BindingResult,org.springframework.web.servlet.mvc.support.RedirectAttributes)
23:40:58.015 [Test worker] INFO org.springframework.test.web.servlet.setup.StandaloneMockMvcBuilder$StaticRequestMappingHandlerMapping - Mapped "{[/ordens_servico/{id}/remover],methods=[GET]}" onto public org.springframework.web.servlet.ModelAndView br.com.desafiotecnico.controller.OrdemServicoController.remover(java.lang.Long)
23:40:58.016 [Test worker] INFO org.springframework.test.web.servlet.setup.StandaloneMockMvcBuilder$StaticRequestMappingHandlerMapping - Mapped "{[/ordens_servico/{id}/pagar],methods=[GET]}" onto public org.springframework.web.servlet.ModelAndView br.com.desafiotecnico.controller.OrdemServicoController.pagar(java.lang.Long,org.springframework.web.servlet.mvc.support.RedirectAttributes)
23:40:58.020 [Test worker] INFO org.springframework.test.web.servlet.setup.StandaloneMockMvcBuilder$StaticRequestMappingHandlerMapping - Mapped "{[/ordens_servico/{id}/cancelar_pagamento],methods=[GET]}" onto public org.springframework.web.servlet.ModelAndView br.com.desafiotecnico.controller.OrdemServicoController.cancelarPagamento(java.lang.Long,org.springframework.web.servlet.mvc.support.RedirectAttributes)
23:40:58.023 [Test worker] INFO org.springframework.test.web.servlet.setup.StandaloneMockMvcBuilder$StaticRequestMappingHandlerMapping - Mapped "{[/ordens_servico/novo],methods=[GET]}" onto public org.springframework.web.servlet.ModelAndView br.com.desafiotecnico.controller.OrdemServicoController.novo(java.lang.Long,java.lang.Long)
23:40:58.024 [Test worker] INFO org.springframework.test.web.servlet.setup.StandaloneMockMvcBuilder$StaticRequestMappingHandlerMapping - Mapped "{[/ordens_servico/{id}/editar],methods=[GET]}" onto public org.springframework.web.servlet.ModelAndView br.com.desafiotecnico.controller.OrdemServicoController.editar(java.lang.Long)
23:40:58.026 [Test worker] INFO org.springframework.test.web.servlet.setup.StandaloneMockMvcBuilder$StaticRequestMappingHandlerMapping - Mapped "{[/ordens_servico/{id}/remover],methods=[DELETE]}" onto public org.springframework.web.servlet.ModelAndView br.com.desafiotecnico.controller.OrdemServicoController.excluir(java.lang.Long,org.springframework.web.servlet.mvc.support.RedirectAttributes)
23:40:58.029 [Test worker] INFO org.springframework.test.web.servlet.setup.StandaloneMockMvcBuilder$StaticRequestMappingHandlerMapping - Mapped "{[/ordens_servico/{id}],methods=[GET]}" onto public org.springframework.web.servlet.ModelAndView br.com.desafiotecnico.controller.OrdemServicoController.visualizar(java.lang.Long)
23:40:58.077 [Test worker] DEBUG org.hibernate.validator.internal.engine.resolver.DefaultTraversableResolver - Found javax.persistence.Persistence on classpath containing 'getPersistenceUtil'. Assuming JPA 2 environment. Trying to instantiate JPA aware TraversableResolver
23:40:58.078 [Test worker] DEBUG org.hibernate.validator.internal.engine.resolver.DefaultTraversableResolver - Instantiated JPA aware TraversableResolver of type org.hibernate.validator.internal.engine.resolver.JPATraversableResolver.
23:40:58.086 [Test worker] DEBUG org.hibernate.validator.internal.engine.ConfigurationImpl - Setting custom MessageInterpolator of type org.springframework.validation.beanvalidation.LocaleContextMessageInterpolator
23:40:58.087 [Test worker] DEBUG org.hibernate.validator.internal.engine.ConfigurationImpl - Setting custom ParameterNameProvider of type com.sun.proxy.$Proxy23
23:40:58.089 [Test worker] DEBUG org.hibernate.validator.internal.xml.ValidationXmlParser - Trying to load META-INF/validation.xml for XML based Validator configuration.
23:40:58.096 [Test worker] DEBUG org.hibernate.validator.internal.xml.ResourceLoaderHelper - Trying to load META-INF/validation.xml via TCCL
23:40:58.097 [Test worker] DEBUG org.hibernate.validator.internal.xml.ResourceLoaderHelper - Trying to load META-INF/validation.xml via Hibernate Validator's class loader
23:40:58.100 [Test worker] DEBUG org.hibernate.validator.internal.xml.ValidationXmlParser - No META-INF/validation.xml found. Using annotation based configuration only.
23:40:58.109 [Test worker] INFO org.springframework.web.servlet.mvc.method.annotation.RequestMappingHandlerAdapter - Looking for @ControllerAdvice: org.springframework.test.web.servlet.setup.StubWebApplicationContext@7c609b5d
23:40:58.130 [Test worker] DEBUG org.springframework.web.servlet.mvc.method.annotation.ExceptionHandlerExceptionResolver - Looking for exception mappings: org.springframework.test.web.servlet.setup.StubWebApplicationContext@7c609b5d
23:40:58.132 [Test worker] DEBUG org.springframework.test.web.servlet.TestDispatcherServlet - Initializing servlet ''
23:40:58.133 [Test worker] DEBUG org.springframework.web.context.support.StandardServletEnvironment - Adding [servletConfigInitParams] PropertySource with lowest search precedence
23:40:58.134 [Test worker] DEBUG org.springframework.web.context.support.StandardServletEnvironment - Adding [servletContextInitParams] PropertySource with lowest search precedence
23:40:58.136 [Test worker] DEBUG org.springframework.web.context.support.StandardServletEnvironment - Adding [systemProperties] PropertySource with lowest search precedence
23:40:58.137 [Test worker] DEBUG org.springframework.web.context.support.StandardServletEnvironment - Adding [systemEnvironment] PropertySource with lowest search precedence
23:40:58.138 [Test worker] DEBUG org.springframework.web.context.support.StandardServletEnvironment - Initialized StandardServletEnvironment with PropertySources [servletConfigInitParams,servletContextInitParams,systemProperties,systemEnvironment]
23:40:58.139 [Test worker] INFO org.springframework.mock.web.MockServletContext - Initializing Spring FrameworkServlet ''
23:40:58.140 [Test worker] INFO org.springframework.test.web.servlet.TestDispatcherServlet - FrameworkServlet '': initialization started
23:40:58.141 [Test worker] DEBUG org.springframework.test.web.servlet.TestDispatcherServlet - Unable to locate MultipartResolver with name 'multipartResolver': no multipart request handling provided
23:40:58.141 [Test worker] DEBUG org.springframework.test.web.servlet.TestDispatcherServlet - Using LocaleResolver [org.springframework.web.servlet.i18n.AcceptHeaderLocaleResolver@2e917c97]
23:40:58.142 [Test worker] DEBUG org.springframework.test.web.servlet.TestDispatcherServlet - Using ThemeResolver [org.springframework.web.servlet.theme.FixedThemeResolver@3c91fce4]
23:40:58.142 [Test worker] DEBUG org.springframework.test.web.servlet.TestDispatcherServlet - Using RequestToViewNameTranslator [org.springframework.web.servlet.view.DefaultRequestToViewNameTranslator@5732dd84]
23:40:58.143 [Test worker] DEBUG org.springframework.test.web.servlet.TestDispatcherServlet - Using FlashMapManager [org.springframework.web.servlet.support.SessionFlashMapManager@527be5d9]
23:40:58.143 [Test worker] DEBUG org.springframework.test.web.servlet.TestDispatcherServlet - Published WebApplicationContext of servlet '' as ServletContext attribute with name [org.springframework.web.servlet.FrameworkServlet.CONTEXT.]
23:40:58.144 [Test worker] INFO org.springframework.test.web.servlet.TestDispatcherServlet - FrameworkServlet '': initialization completed in 4 ms
23:40:58.144 [Test worker] DEBUG org.springframework.test.web.servlet.TestDispatcherServlet - Servlet '' configured successfully
23:40:58.145 [Test worker] DEBUG org.springframework.test.web.servlet.TestDispatcherServlet - DispatcherServlet with name '' processing GET request for [/ordens_servico/1/remover]
23:40:58.146 [Test worker] DEBUG org.springframework.test.web.servlet.setup.StandaloneMockMvcBuilder$StaticRequestMappingHandlerMapping - Looking up handler method for path /ordens_servico/1/remover
23:40:58.148 [Test worker] DEBUG org.springframework.test.web.servlet.setup.StandaloneMockMvcBuilder$StaticRequestMappingHandlerMapping - Returning handler method [public org.springframework.web.servlet.ModelAndView br.com.desafiotecnico.controller.OrdemServicoController.remover(java.lang.Long)]
23:40:58.148 [Test worker] DEBUG org.springframework.test.web.servlet.TestDispatcherServlet - Last-Modified value for [/ordens_servico/1/remover] is: -1
23:40:58.150 [Test worker] DEBUG org.springframework.test.web.servlet.TestDispatcherServlet - Rendering view [org.springframework.web.servlet.view.InternalResourceView: unnamed; URL [ordens_servico/remover]] in DispatcherServlet with name ''
23:40:58.151 [Test worker] DEBUG org.springframework.web.servlet.view.InternalResourceView - Added model object 'id' of type [java.lang.Long] to request in view with name 'null'
23:40:58.151 [Test worker] DEBUG org.springframework.web.servlet.view.InternalResourceView - Added model object 'ordemServico' of type [br.com.desafiotecnico.model.OrdemServico$$EnhancerByMockitoWithCGLIB$$36621f22] to request in view with name 'null'
23:40:58.151 [Test worker] DEBUG org.springframework.web.servlet.view.InternalResourceView - Added model object 'org.springframework.validation.BindingResult.ordemServico' of type [org.springframework.validation.BeanPropertyBindingResult] to request in view with name 'null'
23:40:58.151 [Test worker] DEBUG org.springframework.web.servlet.view.InternalResourceView - Forwarding to resource [ordens_servico/remover] in InternalResourceView 'null'
23:40:58.151 [Test worker] DEBUG org.springframework.mock.web.MockRequestDispatcher - MockRequestDispatcher: forwarding to [ordens_servico/remover]
23:40:58.152 [Test worker] DEBUG org.springframework.test.web.servlet.TestDispatcherServlet - Successfully completed request
23:40:58.157 [Test worker] DEBUG org.springframework.core.env.StandardEnvironment - Adding [systemProperties] PropertySource with lowest search precedence
23:40:58.158 [Test worker] DEBUG org.springframework.core.env.StandardEnvironment - Adding [systemEnvironment] PropertySource with lowest search precedence
23:40:58.158 [Test worker] DEBUG org.springframework.core.env.StandardEnvironment - Initialized StandardEnvironment with PropertySources [systemProperties,systemEnvironment]
23:40:58.159 [Test worker] DEBUG org.springframework.test.web.servlet.setup.StandaloneMockMvcBuilder$StaticRequestMappingHandlerMapping - Looking for request mappings in application context: org.springframework.test.web.servlet.setup.StubWebApplicationContext@16d41319
23:40:58.168 [Test worker] DEBUG org.springframework.test.web.servlet.setup.StandaloneMockMvcBuilder$StaticRequestMappingHandlerMapping - 8 request handler methods found on class br.com.desafiotecnico.controller.OrdemServicoController: {public org.springframework.web.servlet.ModelAndView br.com.desafiotecnico.controller.OrdemServicoController.salvar(br.com.desafiotecnico.model.OrdemServico,org.springframework.validation.BindingResult,org.springframework.web.servlet.mvc.support.RedirectAttributes)={[/ordens_servico/salvar],methods=[POST]}, public org.springframework.web.servlet.ModelAndView br.com.desafiotecnico.controller.OrdemServicoController.remover(java.lang.Long)={[/ordens_servico/{id}/remover],methods=[GET]}, public org.springframework.web.servlet.ModelAndView br.com.desafiotecnico.controller.OrdemServicoController.pagar(java.lang.Long,org.springframework.web.servlet.mvc.support.RedirectAttributes)={[/ordens_servico/{id}/pagar],methods=[GET]}, public org.springframework.web.servlet.ModelAndView br.com.desafiotecnico.controller.OrdemServicoController.cancelarPagamento(java.lang.Long,org.springframework.web.servlet.mvc.support.RedirectAttributes)={[/ordens_servico/{id}/cancelar_pagamento],methods=[GET]}, public org.springframework.web.servlet.ModelAndView br.com.desafiotecnico.controller.OrdemServicoController.novo(java.lang.Long,java.lang.Long)={[/ordens_servico/novo],methods=[GET]}, public org.springframework.web.servlet.ModelAndView br.com.desafiotecnico.controller.OrdemServicoController.editar(java.lang.Long)={[/ordens_servico/{id}/editar],methods=[GET]}, public org.springframework.web.servlet.ModelAndView br.com.desafiotecnico.controller.OrdemServicoController.excluir(java.lang.Long,org.springframework.web.servlet.mvc.support.RedirectAttributes)={[/ordens_servico/{id}/remover],methods=[DELETE]}, public org.springframework.web.servlet.ModelAndView br.com.desafiotecnico.controller.OrdemServicoController.visualizar(java.lang.Long)={[/ordens_servico/{id}],methods=[GET]}}
23:40:58.169 [Test worker] INFO org.springframework.test.web.servlet.setup.StandaloneMockMvcBuilder$StaticRequestMappingHandlerMapping - Mapped "{[/ordens_servico/salvar],methods=[POST]}" onto public org.springframework.web.servlet.ModelAndView br.com.desafiotecnico.controller.OrdemServicoController.salvar(br.com.desafiotecnico.model.OrdemServico,org.springframework.validation.BindingResult,org.springframework.web.servlet.mvc.support.RedirectAttributes)
23:40:58.170 [Test worker] INFO org.springframework.test.web.servlet.setup.StandaloneMockMvcBuilder$StaticRequestMappingHandlerMapping - Mapped "{[/ordens_servico/{id}/remover],methods=[GET]}" onto public org.springframework.web.servlet.ModelAndView br.com.desafiotecnico.controller.OrdemServicoController.remover(java.lang.Long)
23:40:58.171 [Test worker] INFO org.springframework.test.web.servlet.setup.StandaloneMockMvcBuilder$StaticRequestMappingHandlerMapping - Mapped "{[/ordens_servico/{id}/pagar],methods=[GET]}" onto public org.springframework.web.servlet.ModelAndView br.com.desafiotecnico.controller.OrdemServicoController.pagar(java.lang.Long,org.springframework.web.servlet.mvc.support.RedirectAttributes)
23:40:58.172 [Test worker] INFO org.springframework.test.web.servlet.setup.StandaloneMockMvcBuilder$StaticRequestMappingHandlerMapping - Mapped "{[/ordens_servico/{id}/cancelar_pagamento],methods=[GET]}" onto public org.springframework.web.servlet.ModelAndView br.com.desafiotecnico.controller.OrdemServicoController.cancelarPagamento(java.lang.Long,org.springframework.web.servlet.mvc.support.RedirectAttributes)
23:40:58.173 [Test worker] INFO org.springframework.test.web.servlet.setup.StandaloneMockMvcBuilder$StaticRequestMappingHandlerMapping - Mapped "{[/ordens_servico/novo],methods=[GET]}" onto public org.springframework.web.servlet.ModelAndView br.com.desafiotecnico.controller.OrdemServicoController.novo(java.lang.Long,java.lang.Long)
23:40:58.174 [Test worker] INFO org.springframework.test.web.servlet.setup.StandaloneMockMvcBuilder$StaticRequestMappingHandlerMapping - Mapped "{[/ordens_servico/{id}/editar],methods=[GET]}" onto public org.springframework.web.servlet.ModelAndView br.com.desafiotecnico.controller.OrdemServicoController.editar(java.lang.Long)
23:40:58.175 [Test worker] INFO org.springframework.test.web.servlet.setup.StandaloneMockMvcBuilder$StaticRequestMappingHandlerMapping - Mapped "{[/ordens_servico/{id}/remover],methods=[DELETE]}" onto public org.springframework.web.servlet.ModelAndView br.com.desafiotecnico.controller.OrdemServicoController.excluir(java.lang.Long,org.springframework.web.servlet.mvc.support.RedirectAttributes)
23:40:58.175 [Test worker] INFO org.springframework.test.web.servlet.setup.StandaloneMockMvcBuilder$StaticRequestMappingHandlerMapping - Mapped "{[/ordens_servico/{id}],methods=[GET]}" onto public org.springframework.web.servlet.ModelAndView br.com.desafiotecnico.controller.OrdemServicoController.visualizar(java.lang.Long)
23:40:58.190 [Test worker] DEBUG org.hibernate.validator.internal.engine.resolver.DefaultTraversableResolver - Found javax.persistence.Persistence on classpath containing 'getPersistenceUtil'. Assuming JPA 2 environment. Trying to instantiate JPA aware TraversableResolver
23:40:58.191 [Test worker] DEBUG org.hibernate.validator.internal.engine.resolver.DefaultTraversableResolver - Instantiated JPA aware TraversableResolver of type org.hibernate.validator.internal.engine.resolver.JPATraversableResolver.
23:40:58.191 [Test worker] DEBUG org.hibernate.validator.internal.engine.ConfigurationImpl - Setting custom MessageInterpolator of type org.springframework.validation.beanvalidation.LocaleContextMessageInterpolator
23:40:58.191 [Test worker] DEBUG org.hibernate.validator.internal.engine.ConfigurationImpl - Setting custom ParameterNameProvider of type com.sun.proxy.$Proxy23
23:40:58.196 [Test worker] DEBUG org.hibernate.validator.internal.xml.ValidationXmlParser - Trying to load META-INF/validation.xml for XML based Validator configuration.
23:40:58.196 [Test worker] DEBUG org.hibernate.validator.internal.xml.ResourceLoaderHelper - Trying to load META-INF/validation.xml via TCCL
23:40:58.197 [Test worker] DEBUG org.hibernate.validator.internal.xml.ResourceLoaderHelper - Trying to load META-INF/validation.xml via Hibernate Validator's class loader
23:40:58.198 [Test worker] DEBUG org.hibernate.validator.internal.xml.ValidationXmlParser - No META-INF/validation.xml found. Using annotation based configuration only.
23:40:58.203 [Test worker] INFO org.springframework.web.servlet.mvc.method.annotation.RequestMappingHandlerAdapter - Looking for @ControllerAdvice: org.springframework.test.web.servlet.setup.StubWebApplicationContext@16d41319
23:40:58.209 [Test worker] DEBUG org.springframework.web.servlet.mvc.method.annotation.ExceptionHandlerExceptionResolver - Looking for exception mappings: org.springframework.test.web.servlet.setup.StubWebApplicationContext@16d41319
23:40:58.210 [Test worker] DEBUG org.springframework.test.web.servlet.TestDispatcherServlet - Initializing servlet ''
23:40:58.211 [Test worker] DEBUG org.springframework.web.context.support.StandardServletEnvironment - Adding [servletConfigInitParams] PropertySource with lowest search precedence
23:40:58.211 [Test worker] DEBUG org.springframework.web.context.support.StandardServletEnvironment - Adding [servletContextInitParams] PropertySource with lowest search precedence
23:40:58.212 [Test worker] DEBUG org.springframework.web.context.support.StandardServletEnvironment - Adding [systemProperties] PropertySource with lowest search precedence
23:40:58.212 [Test worker] DEBUG org.springframework.web.context.support.StandardServletEnvironment - Adding [systemEnvironment] PropertySource with lowest search precedence
23:40:58.213 [Test worker] DEBUG org.springframework.web.context.support.StandardServletEnvironment - Initialized StandardServletEnvironment with PropertySources [servletConfigInitParams,servletContextInitParams,systemProperties,systemEnvironment]
23:40:58.213 [Test worker] INFO org.springframework.mock.web.MockServletContext - Initializing Spring FrameworkServlet ''
23:40:58.213 [Test worker] INFO org.springframework.test.web.servlet.TestDispatcherServlet - FrameworkServlet '': initialization started
23:40:58.213 [Test worker] DEBUG org.springframework.test.web.servlet.TestDispatcherServlet - Unable to locate MultipartResolver with name 'multipartResolver': no multipart request handling provided
23:40:58.214 [Test worker] DEBUG org.springframework.test.web.servlet.TestDispatcherServlet - Using LocaleResolver [org.springframework.web.servlet.i18n.AcceptHeaderLocaleResolver@141017bb]
23:40:58.214 [Test worker] DEBUG org.springframework.test.web.servlet.TestDispatcherServlet - Using ThemeResolver [org.springframework.web.servlet.theme.FixedThemeResolver@4d499db4]
23:40:58.214 [Test worker] DEBUG org.springframework.test.web.servlet.TestDispatcherServlet - Using RequestToViewNameTranslator [org.springframework.web.servlet.view.DefaultRequestToViewNameTranslator@3fdfa9d2]
23:40:58.214 [Test worker] DEBUG org.springframework.test.web.servlet.TestDispatcherServlet - Using FlashMapManager [org.springframework.web.servlet.support.SessionFlashMapManager@2fde4f28]
23:40:58.214 [Test worker] DEBUG org.springframework.test.web.servlet.TestDispatcherServlet - Published WebApplicationContext of servlet '' as ServletContext attribute with name [org.springframework.web.servlet.FrameworkServlet.CONTEXT.]
23:40:58.214 [Test worker] INFO org.springframework.test.web.servlet.TestDispatcherServlet - FrameworkServlet '': initialization completed in 1 ms
23:40:58.215 [Test worker] DEBUG org.springframework.test.web.servlet.TestDispatcherServlet - Servlet '' configured successfully
23:40:58.216 [Test worker] DEBUG org.springframework.test.web.servlet.TestDispatcherServlet - DispatcherServlet with name '' processing GET request for [/ordens_servico/1/editar]
23:40:58.216 [Test worker] DEBUG org.springframework.test.web.servlet.setup.StandaloneMockMvcBuilder$StaticRequestMappingHandlerMapping - Looking up handler method for path /ordens_servico/1/editar
23:40:58.219 [Test worker] DEBUG org.springframework.test.web.servlet.setup.StandaloneMockMvcBuilder$StaticRequestMappingHandlerMapping - Returning handler method [public org.springframework.web.servlet.ModelAndView br.com.desafiotecnico.controller.OrdemServicoController.editar(java.lang.Long)]
23:40:58.219 [Test worker] DEBUG org.springframework.test.web.servlet.TestDispatcherServlet - Last-Modified value for [/ordens_servico/1/editar] is: -1
23:40:58.222 [Test worker] DEBUG org.springframework.test.web.servlet.TestDispatcherServlet - Rendering view [org.springframework.web.servlet.view.InternalResourceView: unnamed; URL [ordens_servico/form]] in DispatcherServlet with name ''
23:40:58.223 [Test worker] DEBUG org.springframework.web.servlet.view.InternalResourceView - Added model object 'id' of type [java.lang.Long] to request in view with name 'null'
23:40:58.224 [Test worker] DEBUG org.springframework.web.servlet.view.InternalResourceView - Added model object 'ordemServico' of type [br.com.desafiotecnico.model.OrdemServico$$EnhancerByMockitoWithCGLIB$$36621f22] to request in view with name 'null'
23:40:58.224 [Test worker] DEBUG org.springframework.web.servlet.view.InternalResourceView - Added model object 'clientes' of type [java.util.LinkedList] to request in view with name 'null'
23:40:58.224 [Test worker] DEBUG org.springframework.web.servlet.view.InternalResourceView - Added model object 'servicos' of type [java.util.LinkedList] to request in view with name 'null'
23:40:58.224 [Test worker] DEBUG org.springframework.web.servlet.view.InternalResourceView - Added model object 'org.springframework.validation.BindingResult.ordemServico' of type [org.springframework.validation.BeanPropertyBindingResult] to request in view with name 'null'
23:40:58.224 [Test worker] DEBUG org.springframework.web.servlet.view.InternalResourceView - Forwarding to resource [ordens_servico/form] in InternalResourceView 'null'
23:40:58.225 [Test worker] DEBUG org.springframework.mock.web.MockRequestDispatcher - MockRequestDispatcher: forwarding to [ordens_servico/form]
23:40:58.225 [Test worker] DEBUG org.springframework.test.web.servlet.TestDispatcherServlet - Successfully completed request
23:40:58.229 [Test worker] DEBUG org.springframework.core.env.StandardEnvironment - Adding [systemProperties] PropertySource with lowest search precedence
23:40:58.229 [Test worker] DEBUG org.springframework.core.env.StandardEnvironment - Adding [systemEnvironment] PropertySource with lowest search precedence
23:40:58.230 [Test worker] DEBUG org.springframework.core.env.StandardEnvironment - Initialized StandardEnvironment with PropertySources [systemProperties,systemEnvironment]
23:40:58.231 [Test worker] DEBUG org.springframework.test.web.servlet.setup.StandaloneMockMvcBuilder$StaticRequestMappingHandlerMapping - Looking for request mappings in application context: org.springframework.test.web.servlet.setup.StubWebApplicationContext@27cb18de
23:40:58.237 [Test worker] DEBUG org.springframework.test.web.servlet.setup.StandaloneMockMvcBuilder$StaticRequestMappingHandlerMapping - 8 request handler methods found on class br.com.desafiotecnico.controller.OrdemServicoController: {public org.springframework.web.servlet.ModelAndView br.com.desafiotecnico.controller.OrdemServicoController.salvar(br.com.desafiotecnico.model.OrdemServico,org.springframework.validation.BindingResult,org.springframework.web.servlet.mvc.support.RedirectAttributes)={[/ordens_servico/salvar],methods=[POST]}, public org.springframework.web.servlet.ModelAndView br.com.desafiotecnico.controller.OrdemServicoController.remover(java.lang.Long)={[/ordens_servico/{id}/remover],methods=[GET]}, public org.springframework.web.servlet.ModelAndView br.com.desafiotecnico.controller.OrdemServicoController.pagar(java.lang.Long,org.springframework.web.servlet.mvc.support.RedirectAttributes)={[/ordens_servico/{id}/pagar],methods=[GET]}, public org.springframework.web.servlet.ModelAndView br.com.desafiotecnico.controller.OrdemServicoController.cancelarPagamento(java.lang.Long,org.springframework.web.servlet.mvc.support.RedirectAttributes)={[/ordens_servico/{id}/cancelar_pagamento],methods=[GET]}, public org.springframework.web.servlet.ModelAndView br.com.desafiotecnico.controller.OrdemServicoController.novo(java.lang.Long,java.lang.Long)={[/ordens_servico/novo],methods=[GET]}, public org.springframework.web.servlet.ModelAndView br.com.desafiotecnico.controller.OrdemServicoController.editar(java.lang.Long)={[/ordens_servico/{id}/editar],methods=[GET]}, public org.springframework.web.servlet.ModelAndView br.com.desafiotecnico.controller.OrdemServicoController.excluir(java.lang.Long,org.springframework.web.servlet.mvc.support.RedirectAttributes)={[/ordens_servico/{id}/remover],methods=[DELETE]}, public org.springframework.web.servlet.ModelAndView br.com.desafiotecnico.controller.OrdemServicoController.visualizar(java.lang.Long)={[/ordens_servico/{id}],methods=[GET]}}
23:40:58.238 [Test worker] INFO org.springframework.test.web.servlet.setup.StandaloneMockMvcBuilder$StaticRequestMappingHandlerMapping - Mapped "{[/ordens_servico/salvar],methods=[POST]}" onto public org.springframework.web.servlet.ModelAndView br.com.desafiotecnico.controller.OrdemServicoController.salvar(br.com.desafiotecnico.model.OrdemServico,org.springframework.validation.BindingResult,org.springframework.web.servlet.mvc.support.RedirectAttributes)
23:40:58.239 [Test worker] INFO org.springframework.test.web.servlet.setup.StandaloneMockMvcBuilder$StaticRequestMappingHandlerMapping - Mapped "{[/ordens_servico/{id}/remover],methods=[GET]}" onto public org.springframework.web.servlet.ModelAndView br.com.desafiotecnico.controller.OrdemServicoController.remover(java.lang.Long)
23:40:58.239 [Test worker] INFO org.springframework.test.web.servlet.setup.StandaloneMockMvcBuilder$StaticRequestMappingHandlerMapping - Mapped "{[/ordens_servico/{id}/pagar],methods=[GET]}" onto public org.springframework.web.servlet.ModelAndView br.com.desafiotecnico.controller.OrdemServicoController.pagar(java.lang.Long,org.springframework.web.servlet.mvc.support.RedirectAttributes)
23:40:58.240 [Test worker] INFO org.springframework.test.web.servlet.setup.StandaloneMockMvcBuilder$StaticRequestMappingHandlerMapping - Mapped "{[/ordens_servico/{id}/cancelar_pagamento],methods=[GET]}" onto public org.springframework.web.servlet.ModelAndView br.com.desafiotecnico.controller.OrdemServicoController.cancelarPagamento(java.lang.Long,org.springframework.web.servlet.mvc.support.RedirectAttributes)
23:40:58.242 [Test worker] INFO org.springframework.test.web.servlet.setup.StandaloneMockMvcBuilder$StaticRequestMappingHandlerMapping - Mapped "{[/ordens_servico/novo],methods=[GET]}" onto public org.springframework.web.servlet.ModelAndView br.com.desafiotecnico.controller.OrdemServicoController.novo(java.lang.Long,java.lang.Long)
23:40:58.243 [Test worker] INFO org.springframework.test.web.servlet.setup.StandaloneMockMvcBuilder$StaticRequestMappingHandlerMapping - Mapped "{[/ordens_servico/{id}/editar],methods=[GET]}" onto public org.springframework.web.servlet.ModelAndView br.com.desafiotecnico.controller.OrdemServicoController.editar(java.lang.Long)
23:40:58.244 [Test worker] INFO org.springframework.test.web.servlet.setup.StandaloneMockMvcBuilder$StaticRequestMappingHandlerMapping - Mapped "{[/ordens_servico/{id}/remover],methods=[DELETE]}" onto public org.springframework.web.servlet.ModelAndView br.com.desafiotecnico.controller.OrdemServicoController.excluir(java.lang.Long,org.springframework.web.servlet.mvc.support.RedirectAttributes)
23:40:58.244 [Test worker] INFO org.springframework.test.web.servlet.setup.StandaloneMockMvcBuilder$StaticRequestMappingHandlerMapping - Mapped "{[/ordens_servico/{id}],methods=[GET]}" onto public org.springframework.web.servlet.ModelAndView br.com.desafiotecnico.controller.OrdemServicoController.visualizar(java.lang.Long)
23:40:58.266 [Test worker] DEBUG org.hibernate.validator.internal.engine.resolver.DefaultTraversableResolver - Found javax.persistence.Persistence on classpath containing 'getPersistenceUtil'. Assuming JPA 2 environment. Trying to instantiate JPA aware TraversableResolver
23:40:58.267 [Test worker] DEBUG org.hibernate.validator.internal.engine.resolver.DefaultTraversableResolver - Instantiated JPA aware TraversableResolver of type org.hibernate.validator.internal.engine.resolver.JPATraversableResolver.
23:40:58.268 [Test worker] DEBUG org.hibernate.validator.internal.engine.ConfigurationImpl - Setting custom MessageInterpolator of type org.springframework.validation.beanvalidation.LocaleContextMessageInterpolator
23:40:58.269 [Test worker] DEBUG org.hibernate.validator.internal.engine.ConfigurationImpl - Setting custom ParameterNameProvider of type com.sun.proxy.$Proxy23
23:40:58.269 [Test worker] DEBUG org.hibernate.validator.internal.xml.ValidationXmlParser - Trying to load META-INF/validation.xml for XML based Validator configuration.
23:40:58.269 [Test worker] DEBUG org.hibernate.validator.internal.xml.ResourceLoaderHelper - Trying to load META-INF/validation.xml via TCCL
23:40:58.270 [Test worker] DEBUG org.hibernate.validator.internal.xml.ResourceLoaderHelper - Trying to load META-INF/validation.xml via Hibernate Validator's class loader
23:40:58.272 [Test worker] DEBUG org.hibernate.validator.internal.xml.ValidationXmlParser - No META-INF/validation.xml found. Using annotation based configuration only.
23:40:58.276 [Test worker] INFO org.springframework.web.servlet.mvc.method.annotation.RequestMappingHandlerAdapter - Looking for @ControllerAdvice: org.springframework.test.web.servlet.setup.StubWebApplicationContext@27cb18de
23:40:58.282 [Test worker] DEBUG org.springframework.web.servlet.mvc.method.annotation.ExceptionHandlerExceptionResolver - Looking for exception mappings: org.springframework.test.web.servlet.setup.StubWebApplicationContext@27cb18de
23:40:58.283 [Test worker] DEBUG org.springframework.test.web.servlet.TestDispatcherServlet - Initializing servlet ''
23:40:58.285 [Test worker] DEBUG org.springframework.web.context.support.StandardServletEnvironment - Adding [servletConfigInitParams] PropertySource with lowest search precedence
23:40:58.285 [Test worker] DEBUG org.springframework.web.context.support.StandardServletEnvironment - Adding [servletContextInitParams] PropertySource with lowest search precedence
23:40:58.286 [Test worker] DEBUG org.springframework.web.context.support.StandardServletEnvironment - Adding [systemProperties] PropertySource with lowest search precedence
23:40:58.287 [Test worker] DEBUG org.springframework.web.context.support.StandardServletEnvironment - Adding [systemEnvironment] PropertySource with lowest search precedence
23:40:58.288 [Test worker] DEBUG org.springframework.web.context.support.StandardServletEnvironment - Initialized StandardServletEnvironment with PropertySources [servletConfigInitParams,servletContextInitParams,systemProperties,systemEnvironment]
23:40:58.288 [Test worker] INFO org.springframework.mock.web.MockServletContext - Initializing Spring FrameworkServlet ''
23:40:58.288 [Test worker] INFO org.springframework.test.web.servlet.TestDispatcherServlet - FrameworkServlet '': initialization started
23:40:58.289 [Test worker] DEBUG org.springframework.test.web.servlet.TestDispatcherServlet - Unable to locate MultipartResolver with name 'multipartResolver': no multipart request handling provided
23:40:58.289 [Test worker] DEBUG org.springframework.test.web.servlet.TestDispatcherServlet - Using LocaleResolver [org.springframework.web.servlet.i18n.AcceptHeaderLocaleResolver@55456225]
23:40:58.290 [Test worker] DEBUG org.springframework.test.web.servlet.TestDispatcherServlet - Using ThemeResolver [org.springframework.web.servlet.theme.FixedThemeResolver@7972ffb0]
23:40:58.290 [Test worker] DEBUG org.springframework.test.web.servlet.TestDispatcherServlet - Using RequestToViewNameTranslator [org.springframework.web.servlet.view.DefaultRequestToViewNameTranslator@512040a]
23:40:58.290 [Test worker] DEBUG org.springframework.test.web.servlet.TestDispatcherServlet - Using FlashMapManager [org.springframework.web.servlet.support.SessionFlashMapManager@1141b68c]
23:40:58.291 [Test worker] DEBUG org.springframework.test.web.servlet.TestDispatcherServlet - Published WebApplicationContext of servlet '' as ServletContext attribute with name [org.springframework.web.servlet.FrameworkServlet.CONTEXT.]
23:40:58.291 [Test worker] INFO org.springframework.test.web.servlet.TestDispatcherServlet - FrameworkServlet '': initialization completed in 2 ms
23:40:58.291 [Test worker] DEBUG org.springframework.test.web.servlet.TestDispatcherServlet - Servlet '' configured successfully
23:40:58.292 [Test worker] DEBUG org.springframework.test.web.servlet.TestDispatcherServlet - DispatcherServlet with name '' processing GET request for [/ordens_servico/1/pagar]
23:40:58.293 [Test worker] DEBUG org.springframework.test.web.servlet.setup.StandaloneMockMvcBuilder$StaticRequestMappingHandlerMapping - Looking up handler method for path /ordens_servico/1/pagar
23:40:58.295 [Test worker] DEBUG org.springframework.test.web.servlet.setup.StandaloneMockMvcBuilder$StaticRequestMappingHandlerMapping - Returning handler method [public org.springframework.web.servlet.ModelAndView br.com.desafiotecnico.controller.OrdemServicoController.pagar(java.lang.Long,org.springframework.web.servlet.mvc.support.RedirectAttributes)]
23:40:58.296 [Test worker] DEBUG org.springframework.test.web.servlet.TestDispatcherServlet - Last-Modified value for [/ordens_servico/1/pagar] is: -1
23:40:58.306 [Test worker] DEBUG org.springframework.test.web.servlet.TestDispatcherServlet - Rendering view [org.springframework.web.servlet.view.RedirectView: unnamed; URL [/]] in DispatcherServlet with name ''
23:40:58.307 [Test worker] DEBUG org.springframework.web.servlet.support.SessionFlashMapManager - Saving FlashMap=FlashMap [attributes={msgSuccess=Ordem de serviço paga com sucesso!}, targetRequestPath=/, targetRequestParams={}]
23:40:58.308 [Test worker] DEBUG org.springframework.test.web.servlet.TestDispatcherServlet - Successfully completed request
23:40:58.314 [Test worker] DEBUG org.springframework.core.env.StandardEnvironment - Adding [systemProperties] PropertySource with lowest search precedence
23:40:58.315 [Test worker] DEBUG org.springframework.core.env.StandardEnvironment - Adding [systemEnvironment] PropertySource with lowest search precedence
23:40:58.315 [Test worker] DEBUG org.springframework.core.env.StandardEnvironment - Initialized StandardEnvironment with PropertySources [systemProperties,systemEnvironment]
23:40:58.317 [Test worker] DEBUG org.springframework.test.web.servlet.setup.StandaloneMockMvcBuilder$StaticRequestMappingHandlerMapping - Looking for request mappings in application context: org.springframework.test.web.servlet.setup.StubWebApplicationContext@3c9f42fa
23:40:58.325 [Test worker] DEBUG org.springframework.test.web.servlet.setup.StandaloneMockMvcBuilder$StaticRequestMappingHandlerMapping - 8 request handler methods found on class br.com.desafiotecnico.controller.OrdemServicoController: {public org.springframework.web.servlet.ModelAndView br.com.desafiotecnico.controller.OrdemServicoController.salvar(br.com.desafiotecnico.model.OrdemServico,org.springframework.validation.BindingResult,org.springframework.web.servlet.mvc.support.RedirectAttributes)={[/ordens_servico/salvar],methods=[POST]}, public org.springframework.web.servlet.ModelAndView br.com.desafiotecnico.controller.OrdemServicoController.remover(java.lang.Long)={[/ordens_servico/{id}/remover],methods=[GET]}, public org.springframework.web.servlet.ModelAndView br.com.desafiotecnico.controller.OrdemServicoController.pagar(java.lang.Long,org.springframework.web.servlet.mvc.support.RedirectAttributes)={[/ordens_servico/{id}/pagar],methods=[GET]}, public org.springframework.web.servlet.ModelAndView br.com.desafiotecnico.controller.OrdemServicoController.cancelarPagamento(java.lang.Long,org.springframework.web.servlet.mvc.support.RedirectAttributes)={[/ordens_servico/{id}/cancelar_pagamento],methods=[GET]}, public org.springframework.web.servlet.ModelAndView br.com.desafiotecnico.controller.OrdemServicoController.novo(java.lang.Long,java.lang.Long)={[/ordens_servico/novo],methods=[GET]}, public org.springframework.web.servlet.ModelAndView br.com.desafiotecnico.controller.OrdemServicoController.editar(java.lang.Long)={[/ordens_servico/{id}/editar],methods=[GET]}, public org.springframework.web.servlet.ModelAndView br.com.desafiotecnico.controller.OrdemServicoController.excluir(java.lang.Long,org.springframework.web.servlet.mvc.support.RedirectAttributes)={[/ordens_servico/{id}/remover],methods=[DELETE]}, public org.springframework.web.servlet.ModelAndView br.com.desafiotecnico.controller.OrdemServicoController.visualizar(java.lang.Long)={[/ordens_servico/{id}],methods=[GET]}}
23:40:58.326 [Test worker] INFO org.springframework.test.web.servlet.setup.StandaloneMockMvcBuilder$StaticRequestMappingHandlerMapping - Mapped "{[/ordens_servico/salvar],methods=[POST]}" onto public org.springframework.web.servlet.ModelAndView br.com.desafiotecnico.controller.OrdemServicoController.salvar(br.com.desafiotecnico.model.OrdemServico,org.springframework.validation.BindingResult,org.springframework.web.servlet.mvc.support.RedirectAttributes)
23:40:58.326 [Test worker] INFO org.springframework.test.web.servlet.setup.StandaloneMockMvcBuilder$StaticRequestMappingHandlerMapping - Mapped "{[/ordens_servico/{id}/remover],methods=[GET]}" onto public org.springframework.web.servlet.ModelAndView br.com.desafiotecnico.controller.OrdemServicoController.remover(java.lang.Long)
23:40:58.327 [Test worker] INFO org.springframework.test.web.servlet.setup.StandaloneMockMvcBuilder$StaticRequestMappingHandlerMapping - Mapped "{[/ordens_servico/{id}/pagar],methods=[GET]}" onto public org.springframework.web.servlet.ModelAndView br.com.desafiotecnico.controller.OrdemServicoController.pagar(java.lang.Long,org.springframework.web.servlet.mvc.support.RedirectAttributes)
23:40:58.328 [Test worker] INFO org.springframework.test.web.servlet.setup.StandaloneMockMvcBuilder$StaticRequestMappingHandlerMapping - Mapped "{[/ordens_servico/{id}/cancelar_pagamento],methods=[GET]}" onto public org.springframework.web.servlet.ModelAndView br.com.desafiotecnico.controller.OrdemServicoController.cancelarPagamento(java.lang.Long,org.springframework.web.servlet.mvc.support.RedirectAttributes)
23:40:58.328 [Test worker] INFO org.springframework.test.web.servlet.setup.StandaloneMockMvcBuilder$StaticRequestMappingHandlerMapping - Mapped "{[/ordens_servico/novo],methods=[GET]}" onto public org.springframework.web.servlet.ModelAndView br.com.desafiotecnico.controller.OrdemServicoController.novo(java.lang.Long,java.lang.Long)
23:40:58.329 [Test worker] INFO org.springframework.test.web.servlet.setup.StandaloneMockMvcBuilder$StaticRequestMappingHandlerMapping - Mapped "{[/ordens_servico/{id}/editar],methods=[GET]}" onto public org.springframework.web.servlet.ModelAndView br.com.desafiotecnico.controller.OrdemServicoController.editar(java.lang.Long)
23:40:58.330 [Test worker] INFO org.springframework.test.web.servlet.setup.StandaloneMockMvcBuilder$StaticRequestMappingHandlerMapping - Mapped "{[/ordens_servico/{id}/remover],methods=[DELETE]}" onto public org.springframework.web.servlet.ModelAndView br.com.desafiotecnico.controller.OrdemServicoController.excluir(java.lang.Long,org.springframework.web.servlet.mvc.support.RedirectAttributes)
23:40:58.331 [Test worker] INFO org.springframework.test.web.servlet.setup.StandaloneMockMvcBuilder$StaticRequestMappingHandlerMapping - Mapped "{[/ordens_servico/{id}],methods=[GET]}" onto public org.springframework.web.servlet.ModelAndView br.com.desafiotecnico.controller.OrdemServicoController.visualizar(java.lang.Long)
23:40:58.349 [Test worker] DEBUG org.hibernate.validator.internal.engine.resolver.DefaultTraversableResolver - Found javax.persistence.Persistence on classpath containing 'getPersistenceUtil'. Assuming JPA 2 environment. Trying to instantiate JPA aware TraversableResolver
23:40:58.350 [Test worker] DEBUG org.hibernate.validator.internal.engine.resolver.DefaultTraversableResolver - Instantiated JPA aware TraversableResolver of type org.hibernate.validator.internal.engine.resolver.JPATraversableResolver.
23:40:58.351 [Test worker] DEBUG org.hibernate.validator.internal.engine.ConfigurationImpl - Setting custom MessageInterpolator of type org.springframework.validation.beanvalidation.LocaleContextMessageInterpolator
23:40:58.351 [Test worker] DEBUG org.hibernate.validator.internal.engine.ConfigurationImpl - Setting custom ParameterNameProvider of type com.sun.proxy.$Proxy23
23:40:58.352 [Test worker] DEBUG org.hibernate.validator.internal.xml.ValidationXmlParser - Trying to load META-INF/validation.xml for XML based Validator configuration.
23:40:58.352 [Test worker] DEBUG org.hibernate.validator.internal.xml.ResourceLoaderHelper - Trying to load META-INF/validation.xml via TCCL
23:40:58.353 [Test worker] DEBUG org.hibernate.validator.internal.xml.ResourceLoaderHelper - Trying to load META-INF/validation.xml via Hibernate Validator's class loader
23:40:58.354 [Test worker] DEBUG org.hibernate.validator.internal.xml.ValidationXmlParser - No META-INF/validation.xml found. Using annotation based configuration only.
23:40:58.373 [Test worker] INFO org.springframework.web.servlet.mvc.method.annotation.RequestMappingHandlerAdapter - Looking for @ControllerAdvice: org.springframework.test.web.servlet.setup.StubWebApplicationContext@3c9f42fa
23:40:58.379 [Test worker] DEBUG org.springframework.web.servlet.mvc.method.annotation.ExceptionHandlerExceptionResolver - Looking for exception mappings: org.springframework.test.web.servlet.setup.StubWebApplicationContext@3c9f42fa
23:40:58.380 [Test worker] DEBUG org.springframework.test.web.servlet.TestDispatcherServlet - Initializing servlet ''
23:40:58.381 [Test worker] DEBUG org.springframework.web.context.support.StandardServletEnvironment - Adding [servletConfigInitParams] PropertySource with lowest search precedence
23:40:58.382 [Test worker] DEBUG org.springframework.web.context.support.StandardServletEnvironment - Adding [servletContextInitParams] PropertySource with lowest search precedence
23:40:58.383 [Test worker] DEBUG org.springframework.web.context.support.StandardServletEnvironment - Adding [systemProperties] PropertySource with lowest search precedence
23:40:58.384 [Test worker] DEBUG org.springframework.web.context.support.StandardServletEnvironment - Adding [systemEnvironment] PropertySource with lowest search precedence
23:40:58.385 [Test worker] DEBUG org.springframework.web.context.support.StandardServletEnvironment - Initialized StandardServletEnvironment with PropertySources [servletConfigInitParams,servletContextInitParams,systemProperties,systemEnvironment]
23:40:58.386 [Test worker] INFO org.springframework.mock.web.MockServletContext - Initializing Spring FrameworkServlet ''
23:40:58.387 [Test worker] INFO org.springframework.test.web.servlet.TestDispatcherServlet - FrameworkServlet '': initialization started
23:40:58.387 [Test worker] DEBUG org.springframework.test.web.servlet.TestDispatcherServlet - Unable to locate MultipartResolver with name 'multipartResolver': no multipart request handling provided
23:40:58.388 [Test worker] DEBUG org.springframework.test.web.servlet.TestDispatcherServlet - Using LocaleResolver [org.springframework.web.servlet.i18n.AcceptHeaderLocaleResolver@45bc2d73]
23:40:58.388 [Test worker] DEBUG org.springframework.test.web.servlet.TestDispatcherServlet - Using ThemeResolver [org.springframework.web.servlet.theme.FixedThemeResolver@2f209b07]
23:40:58.389 [Test worker] DEBUG org.springframework.test.web.servlet.TestDispatcherServlet - Using RequestToViewNameTranslator [org.springframework.web.servlet.view.DefaultRequestToViewNameTranslator@1c07c57a]
23:40:58.390 [Test worker] DEBUG org.springframework.test.web.servlet.TestDispatcherServlet - Using FlashMapManager [org.springframework.web.servlet.support.SessionFlashMapManager@19cf7e3c]
23:40:58.391 [Test worker] DEBUG org.springframework.test.web.servlet.TestDispatcherServlet - Published WebApplicationContext of servlet '' as ServletContext attribute with name [org.springframework.web.servlet.FrameworkServlet.CONTEXT.]
23:40:58.391 [Test worker] INFO org.springframework.test.web.servlet.TestDispatcherServlet - FrameworkServlet '': initialization completed in 4 ms
23:40:58.392 [Test worker] DEBUG org.springframework.test.web.servlet.TestDispatcherServlet - Servlet '' configured successfully
23:40:58.393 [Test worker] DEBUG org.springframework.test.web.servlet.TestDispatcherServlet - DispatcherServlet with name '' processing GET request for [/ordens_servico/novo]
23:40:58.394 [Test worker] DEBUG org.springframework.test.web.servlet.setup.StandaloneMockMvcBuilder$StaticRequestMappingHandlerMapping - Looking up handler method for path /ordens_servico/novo
23:40:58.394 [Test worker] DEBUG org.springframework.test.web.servlet.setup.StandaloneMockMvcBuilder$StaticRequestMappingHandlerMapping - Returning handler method [public org.springframework.web.servlet.ModelAndView br.com.desafiotecnico.controller.OrdemServicoController.novo(java.lang.Long,java.lang.Long)]
23:40:58.395 [Test worker] DEBUG org.springframework.test.web.servlet.TestDispatcherServlet - Last-Modified value for [/ordens_servico/novo] is: -1
23:40:58.425 [Test worker] DEBUG org.springframework.test.web.servlet.TestDispatcherServlet - Rendering view [org.springframework.web.servlet.view.InternalResourceView: unnamed; URL [ordens_servico/form]] in DispatcherServlet with name ''
23:40:58.425 [Test worker] DEBUG org.springframework.web.servlet.view.InternalResourceView - Added model object 'ordemServico' of type [br.com.desafiotecnico.model.OrdemServico$$EnhancerByMockitoWithCGLIB$$36621f22] to request in view with name 'null'
23:40:58.425 [Test worker] DEBUG org.springframework.web.servlet.view.InternalResourceView - Added model object 'clientes' of type [java.util.LinkedList] to request in view with name 'null'
23:40:58.425 [Test worker] DEBUG org.springframework.web.servlet.view.InternalResourceView - Added model object 'servicos' of type [java.util.LinkedList] to request in view with name 'null'
23:40:58.425 [Test worker] DEBUG org.springframework.web.servlet.view.InternalResourceView - Added model object 'org.springframework.validation.BindingResult.ordemServico' of type [org.springframework.validation.BeanPropertyBindingResult] to request in view with name 'null'
23:40:58.425 [Test worker] DEBUG org.springframework.web.servlet.view.InternalResourceView - Forwarding to resource [ordens_servico/form] in InternalResourceView 'null'
23:40:58.425 [Test worker] DEBUG org.springframework.mock.web.MockRequestDispatcher - MockRequestDispatcher: forwarding to [ordens_servico/form]
23:40:58.426 [Test worker] DEBUG org.springframework.test.web.servlet.TestDispatcherServlet - Successfully completed request
23:40:58.430 [Test worker] DEBUG org.springframework.core.env.StandardEnvironment - Adding [systemProperties] PropertySource with lowest search precedence
23:40:58.430 [Test worker] DEBUG org.springframework.core.env.StandardEnvironment - Adding [systemEnvironment] PropertySource with lowest search precedence
23:40:58.430 [Test worker] DEBUG org.springframework.core.env.StandardEnvironment - Initialized StandardEnvironment with PropertySources [systemProperties,systemEnvironment]
23:40:58.432 [Test worker] DEBUG org.springframework.test.web.servlet.setup.StandaloneMockMvcBuilder$StaticRequestMappingHandlerMapping - Looking for request mappings in application context: org.springframework.test.web.servlet.setup.StubWebApplicationContext@7fe2531f
23:40:58.448 [Test worker] DEBUG org.springframework.test.web.servlet.setup.StandaloneMockMvcBuilder$StaticRequestMappingHandlerMapping - 8 request handler methods found on class br.com.desafiotecnico.controller.OrdemServicoController: {public org.springframework.web.servlet.ModelAndView br.com.desafiotecnico.controller.OrdemServicoController.salvar(br.com.desafiotecnico.model.OrdemServico,org.springframework.validation.BindingResult,org.springframework.web.servlet.mvc.support.RedirectAttributes)={[/ordens_servico/salvar],methods=[POST]}, public org.springframework.web.servlet.ModelAndView br.com.desafiotecnico.controller.OrdemServicoController.remover(java.lang.Long)={[/ordens_servico/{id}/remover],methods=[GET]}, public org.springframework.web.servlet.ModelAndView br.com.desafiotecnico.controller.OrdemServicoController.pagar(java.lang.Long,org.springframework.web.servlet.mvc.support.RedirectAttributes)={[/ordens_servico/{id}/pagar],methods=[GET]}, public org.springframework.web.servlet.ModelAndView br.com.desafiotecnico.controller.OrdemServicoController.cancelarPagamento(java.lang.Long,org.springframework.web.servlet.mvc.support.RedirectAttributes)={[/ordens_servico/{id}/cancelar_pagamento],methods=[GET]}, public org.springframework.web.servlet.ModelAndView br.com.desafiotecnico.controller.OrdemServicoController.novo(java.lang.Long,java.lang.Long)={[/ordens_servico/novo],methods=[GET]}, public org.springframework.web.servlet.ModelAndView br.com.desafiotecnico.controller.OrdemServicoController.editar(java.lang.Long)={[/ordens_servico/{id}/editar],methods=[GET]}, public org.springframework.web.servlet.ModelAndView br.com.desafiotecnico.controller.OrdemServicoController.excluir(java.lang.Long,org.springframework.web.servlet.mvc.support.RedirectAttributes)={[/ordens_servico/{id}/remover],methods=[DELETE]}, public org.springframework.web.servlet.ModelAndView br.com.desafiotecnico.controller.OrdemServicoController.visualizar(java.lang.Long)={[/ordens_servico/{id}],methods=[GET]}}
23:40:58.449 [Test worker] INFO org.springframework.test.web.servlet.setup.StandaloneMockMvcBuilder$StaticRequestMappingHandlerMapping - Mapped "{[/ordens_servico/salvar],methods=[POST]}" onto public org.springframework.web.servlet.ModelAndView br.com.desafiotecnico.controller.OrdemServicoController.salvar(br.com.desafiotecnico.model.OrdemServico,org.springframework.validation.BindingResult,org.springframework.web.servlet.mvc.support.RedirectAttributes)
23:40:58.449 [Test worker] INFO org.springframework.test.web.servlet.setup.StandaloneMockMvcBuilder$StaticRequestMappingHandlerMapping - Mapped "{[/ordens_servico/{id}/remover],methods=[GET]}" onto public org.springframework.web.servlet.ModelAndView br.com.desafiotecnico.controller.OrdemServicoController.remover(java.lang.Long)
23:40:58.449 [Test worker] INFO org.springframework.test.web.servlet.setup.StandaloneMockMvcBuilder$StaticRequestMappingHandlerMapping - Mapped "{[/ordens_servico/{id}/pagar],methods=[GET]}" onto public org.springframework.web.servlet.ModelAndView br.com.desafiotecnico.controller.OrdemServicoController.pagar(java.lang.Long,org.springframework.web.servlet.mvc.support.RedirectAttributes)
23:40:58.450 [Test worker] INFO org.springframework.test.web.servlet.setup.StandaloneMockMvcBuilder$StaticRequestMappingHandlerMapping - Mapped "{[/ordens_servico/{id}/cancelar_pagamento],methods=[GET]}" onto public org.springframework.web.servlet.ModelAndView br.com.desafiotecnico.controller.OrdemServicoController.cancelarPagamento(java.lang.Long,org.springframework.web.servlet.mvc.support.RedirectAttributes)
23:40:58.450 [Test worker] INFO org.springframework.test.web.servlet.setup.StandaloneMockMvcBuilder$StaticRequestMappingHandlerMapping - Mapped "{[/ordens_servico/novo],methods=[GET]}" onto public org.springframework.web.servlet.ModelAndView br.com.desafiotecnico.controller.OrdemServicoController.novo(java.lang.Long,java.lang.Long)
23:40:58.450 [Test worker] INFO org.springframework.test.web.servlet.setup.StandaloneMockMvcBuilder$StaticRequestMappingHandlerMapping - Mapped "{[/ordens_servico/{id}/editar],methods=[GET]}" onto public org.springframework.web.servlet.ModelAndView br.com.desafiotecnico.controller.OrdemServicoController.editar(java.lang.Long)
23:40:58.451 [Test worker] INFO org.springframework.test.web.servlet.setup.StandaloneMockMvcBuilder$StaticRequestMappingHandlerMapping - Mapped "{[/ordens_servico/{id}/remover],methods=[DELETE]}" onto public org.springframework.web.servlet.ModelAndView br.com.desafiotecnico.controller.OrdemServicoController.excluir(java.lang.Long,org.springframework.web.servlet.mvc.support.RedirectAttributes)
23:40:58.451 [Test worker] INFO org.springframework.test.web.servlet.setup.StandaloneMockMvcBuilder$StaticRequestMappingHandlerMapping - Mapped "{[/ordens_servico/{id}],methods=[GET]}" onto public org.springframework.web.servlet.ModelAndView br.com.desafiotecnico.controller.OrdemServicoController.visualizar(java.lang.Long)
23:40:58.476 [Test worker] DEBUG org.hibernate.validator.internal.engine.resolver.DefaultTraversableResolver - Found javax.persistence.Persistence on classpath containing 'getPersistenceUtil'. Assuming JPA 2 environment. Trying to instantiate JPA aware TraversableResolver
23:40:58.477 [Test worker] DEBUG org.hibernate.validator.internal.engine.resolver.DefaultTraversableResolver - Instantiated JPA aware TraversableResolver of type org.hibernate.validator.internal.engine.resolver.JPATraversableResolver.
23:40:58.477 [Test worker] DEBUG org.hibernate.validator.internal.engine.ConfigurationImpl - Setting custom MessageInterpolator of type org.springframework.validation.beanvalidation.LocaleContextMessageInterpolator
23:40:58.478 [Test worker] DEBUG org.hibernate.validator.internal.engine.ConfigurationImpl - Setting custom ParameterNameProvider of type com.sun.proxy.$Proxy23
23:40:58.478 [Test worker] DEBUG org.hibernate.validator.internal.xml.ValidationXmlParser - Trying to load META-INF/validation.xml for XML based Validator configuration.
23:40:58.478 [Test worker] DEBUG org.hibernate.validator.internal.xml.ResourceLoaderHelper - Trying to load META-INF/validation.xml via TCCL
23:40:58.479 [Test worker] DEBUG org.hibernate.validator.internal.xml.ResourceLoaderHelper - Trying to load META-INF/validation.xml via Hibernate Validator's class loader
23:40:58.480 [Test worker] DEBUG org.hibernate.validator.internal.xml.ValidationXmlParser - No META-INF/validation.xml found. Using annotation based configuration only.
23:40:58.487 [Test worker] INFO org.springframework.web.servlet.mvc.method.annotation.RequestMappingHandlerAdapter - Looking for @ControllerAdvice: org.springframework.test.web.servlet.setup.StubWebApplicationContext@7fe2531f
23:40:58.493 [Test worker] DEBUG org.springframework.web.servlet.mvc.method.annotation.ExceptionHandlerExceptionResolver - Looking for exception mappings: org.springframework.test.web.servlet.setup.StubWebApplicationContext@7fe2531f
23:40:58.493 [Test worker] DEBUG org.springframework.test.web.servlet.TestDispatcherServlet - Initializing servlet ''
23:40:58.494 [Test worker] DEBUG org.springframework.web.context.support.StandardServletEnvironment - Adding [servletConfigInitParams] PropertySource with lowest search precedence
23:40:58.494 [Test worker] DEBUG org.springframework.web.context.support.StandardServletEnvironment - Adding [servletContextInitParams] PropertySource with lowest search precedence
23:40:58.494 [Test worker] DEBUG org.springframework.web.context.support.StandardServletEnvironment - Adding [systemProperties] PropertySource with lowest search precedence
23:40:58.495 [Test worker] DEBUG org.springframework.web.context.support.StandardServletEnvironment - Adding [systemEnvironment] PropertySource with lowest search precedence
23:40:58.495 [Test worker] DEBUG org.springframework.web.context.support.StandardServletEnvironment - Initialized StandardServletEnvironment with PropertySources [servletConfigInitParams,servletContextInitParams,systemProperties,systemEnvironment]
23:40:58.495 [Test worker] INFO org.springframework.mock.web.MockServletContext - Initializing Spring FrameworkServlet ''
23:40:58.495 [Test worker] INFO org.springframework.test.web.servlet.TestDispatcherServlet - FrameworkServlet '': initialization started
23:40:58.495 [Test worker] DEBUG org.springframework.test.web.servlet.TestDispatcherServlet - Unable to locate MultipartResolver with name 'multipartResolver': no multipart request handling provided
23:40:58.495 [Test worker] DEBUG org.springframework.test.web.servlet.TestDispatcherServlet - Using LocaleResolver [org.springframework.web.servlet.i18n.AcceptHeaderLocaleResolver@7a44a01b]
23:40:58.495 [Test worker] DEBUG org.springframework.test.web.servlet.TestDispatcherServlet - Using ThemeResolver [org.springframework.web.servlet.theme.FixedThemeResolver@1a19965d]
23:40:58.495 [Test worker] DEBUG org.springframework.test.web.servlet.TestDispatcherServlet - Using RequestToViewNameTranslator [org.springframework.web.servlet.view.DefaultRequestToViewNameTranslator@77badce5]
23:40:58.496 [Test worker] DEBUG org.springframework.test.web.servlet.TestDispatcherServlet - Using FlashMapManager [org.springframework.web.servlet.support.SessionFlashMapManager@49367a0e]
23:40:58.496 [Test worker] DEBUG org.springframework.test.web.servlet.TestDispatcherServlet - Published WebApplicationContext of servlet '' as ServletContext attribute with name [org.springframework.web.servlet.FrameworkServlet.CONTEXT.]
23:40:58.496 [Test worker] INFO org.springframework.test.web.servlet.TestDispatcherServlet - FrameworkServlet '': initialization completed in 1 ms
23:40:58.496 [Test worker] DEBUG org.springframework.test.web.servlet.TestDispatcherServlet - Servlet '' configured successfully
23:40:58.496 [Test worker] DEBUG org.springframework.test.web.servlet.TestDispatcherServlet - DispatcherServlet with name '' processing POST request for [/ordens_servico/salvar]
23:40:58.496 [Test worker] DEBUG org.springframework.test.web.servlet.setup.StandaloneMockMvcBuilder$StaticRequestMappingHandlerMapping - Looking up handler method for path /ordens_servico/salvar
23:40:58.497 [Test worker] DEBUG org.springframework.test.web.servlet.setup.StandaloneMockMvcBuilder$StaticRequestMappingHandlerMapping - Returning handler method [public org.springframework.web.servlet.ModelAndView br.com.desafiotecnico.controller.OrdemServicoController.salvar(br.com.desafiotecnico.model.OrdemServico,org.springframework.validation.BindingResult,org.springframework.web.servlet.mvc.support.RedirectAttributes)]
23:40:58.537 [Test worker] DEBUG org.hibernate.validator.resourceloading.PlatformResourceBundleLocator - ValidationMessages not found.
23:40:58.538 [Test worker] DEBUG org.hibernate.validator.resourceloading.PlatformResourceBundleLocator - ContributorValidationMessages not found.
23:40:58.539 [Test worker] DEBUG org.hibernate.validator.resourceloading.PlatformResourceBundleLocator - org.hibernate.validator.ValidationMessages found.
23:40:58.541 [Test worker] DEBUG org.hibernate.validator.resourceloading.PlatformResourceBundleLocator - ValidationMessages not found.
23:40:58.542 [Test worker] DEBUG org.hibernate.validator.resourceloading.PlatformResourceBundleLocator - ContributorValidationMessages not found.
23:40:58.542 [Test worker] DEBUG org.hibernate.validator.resourceloading.PlatformResourceBundleLocator - org.hibernate.validator.ValidationMessages found.
23:40:58.544 [Test worker] DEBUG org.hibernate.validator.resourceloading.PlatformResourceBundleLocator - ValidationMessages not found.
23:40:58.545 [Test worker] DEBUG org.hibernate.validator.resourceloading.PlatformResourceBundleLocator - ContributorValidationMessages not found.
23:40:58.545 [Test worker] DEBUG org.hibernate.validator.resourceloading.PlatformResourceBundleLocator - org.hibernate.validator.ValidationMessages found.
23:40:58.546 [Test worker] DEBUG org.hibernate.validator.resourceloading.PlatformResourceBundleLocator - ValidationMessages not found.
23:40:58.547 [Test worker] DEBUG org.hibernate.validator.resourceloading.PlatformResourceBundleLocator - ContributorValidationMessages not found.
23:40:58.547 [Test worker] DEBUG org.hibernate.validator.resourceloading.PlatformResourceBundleLocator - org.hibernate.validator.ValidationMessages found.
23:40:58.549 [Test worker] DEBUG org.hibernate.validator.resourceloading.PlatformResourceBundleLocator - ValidationMessages not found.
23:40:58.549 [Test worker] DEBUG org.hibernate.validator.resourceloading.PlatformResourceBundleLocator - ContributorValidationMessages not found.
23:40:58.549 [Test worker] DEBUG org.hibernate.validator.resourceloading.PlatformResourceBundleLocator - org.hibernate.validator.ValidationMessages found.
23:40:58.557 [Test worker] DEBUG org.springframework.test.web.servlet.TestDispatcherServlet - Rendering view [org.springframework.web.servlet.view.InternalResourceView: unnamed; URL [ordens_servico/form]] in DispatcherServlet with name ''
23:40:58.558 [Test worker] DEBUG org.springframework.web.servlet.view.InternalResourceView - Added model object 'ordemServico' of type [br.com.desafiotecnico.model.OrdemServico] to request in view with name 'null'
23:40:58.558 [Test worker] DEBUG org.springframework.web.servlet.view.InternalResourceView - Added model object 'org.springframework.validation.BindingResult.ordemServico' of type [org.springframework.validation.BeanPropertyBindingResult] to request in view with name 'null'
23:40:58.558 [Test worker] DEBUG org.springframework.web.servlet.view.InternalResourceView - Added model object 'clientes' of type [java.util.LinkedList] to request in view with name 'null'
23:40:58.558 [Test worker] DEBUG org.springframework.web.servlet.view.InternalResourceView - Added model object 'servicos' of type [java.util.LinkedList] to request in view with name 'null'
23:40:58.558 [Test worker] DEBUG org.springframework.web.servlet.view.InternalResourceView - Forwarding to resource [ordens_servico/form] in InternalResourceView 'null'
23:40:58.558 [Test worker] DEBUG org.springframework.mock.web.MockRequestDispatcher - MockRequestDispatcher: forwarding to [ordens_servico/form]
23:40:58.558 [Test worker] DEBUG org.springframework.test.web.servlet.TestDispatcherServlet - Successfully completed request
23:40:58.561 [Test worker] DEBUG org.springframework.core.env.StandardEnvironment - Adding [systemProperties] PropertySource with lowest search precedence
23:40:58.561 [Test worker] DEBUG org.springframework.core.env.StandardEnvironment - Adding [systemEnvironment] PropertySource with lowest search precedence
[...]
23:40:58.646 [Test worker] INFO org.springframework.test.web.servlet.setup.StandaloneMockMvcBuilder$StaticRequestMappingHandlerMapping - Mapped "{[/ordens_servico/novo],methods=[GET]}" onto public org.springframework.web.servlet.ModelAndView br.com.desafiotecnico.controller.OrdemServicoController.novo(java.lang.Long,java.lang.Long)
23:40:58.647 [Test worker] INFO org.springframework.test.web.servlet.setup.StandaloneMockMvcBuilder$StaticRequestMappingHandlerMapping - Mapped "{[/ordens_servico/{id}/editar],methods=[GET]}" onto public org.springframework.web.servlet.ModelAndView br.com.desafiotecnico.controller.OrdemServicoController.editar(java.lang.Long)
23:40:58.647 [Test worker] INFO org.springframework.test.web.servlet.setup.StandaloneMockMvcBuilder$StaticRequestMappingHandlerMapping - Mapped "{[/ordens_servico/{id}/remover],methods=[DELETE]}" onto public org.springframework.web.servlet.ModelAndView br.com.desafiotecnico.controller.OrdemServicoController.excluir(java.lang.Long,org.springframework.web.servlet.mvc.support.RedirectAttributes)
23:40:58.647 [Test worker] INFO org.springframework.test.web.servlet.setup.StandaloneMockMvcBuilder$StaticRequestMappingHandlerMapping - Mapped "{[/ordens_servico/{id}],methods=[GET]}" onto public org.springframework.web.servlet.ModelAndView br.com.desafiotecnico.controller.OrdemServicoController.visualizar(java.lang.Long)
23:40:58.661 [Test worker] DEBUG org.hibernate.validator.internal.engine.resolver.DefaultTraversableResolver - Found javax.persistence.Persistence on classpath containing 'getPersistenceUtil'. Assuming JPA 2 environment. Trying to instantiate JPA aware TraversableResolver
23:40:58.662 [Test worker] DEBUG org.hibernate.validator.internal.engine.resolver.DefaultTraversableResolver - Instantiated JPA aware TraversableResolver of type org.hibernate.validator.internal.engine.resolver.JPATraversableResolver.
23:40:58.662 [Test worker] DEBUG org.hibernate.validator.internal.engine.ConfigurationImpl - Setting custom MessageInterpolator of type org.springframework.validation.beanvalidation.LocaleContextMessageInterpolator
23:40:58.663 [Test worker] DEBUG org.hibernate.validator.internal.engine.ConfigurationImpl - Setting custom ParameterNameProvider of type com.sun.proxy.$Proxy23
23:40:58.663 [Test worker] DEBUG org.hibernate.validator.internal.xml.ValidationXmlParser - Trying to load META-INF/validation.xml for XML based Validator configuration.
23:40:58.664 [Test worker] DEBUG org.hibernate.validator.internal.xml.ResourceLoaderHelper - Trying to load META-INF/validation.xml via TCCL
23:40:58.664 [Test worker] DEBUG org.hibernate.validator.internal.xml.ResourceLoaderHelper - Trying to load META-INF/validation.xml via Hibernate Validator's class loader
23:40:58.665 [Test worker] DEBUG org.hibernate.validator.internal.xml.ValidationXmlParser - No META-INF/validation.xml found. Using annotation based configuration only.
23:40:58.671 [Test worker] INFO org.springframework.web.servlet.mvc.method.annotation.RequestMappingHandlerAdapter - Looking for @ControllerAdvice: org.springframework.test.web.servlet.setup.StubWebApplicationContext@2aea9c69
23:40:58.678 [Test worker] DEBUG org.springframework.web.servlet.mvc.method.annotation.ExceptionHandlerExceptionResolver - Looking for exception mappings: org.springframework.test.web.servlet.setup.StubWebApplicationContext@2aea9c69
23:40:58.679 [Test worker] DEBUG org.springframework.test.web.servlet.TestDispatcherServlet - Initializing servlet ''
23:40:58.680 [Test worker] DEBUG org.springframework.web.context.support.StandardServletEnvironment - Adding [servletConfigInitParams] PropertySource with lowest search precedence
23:40:58.680 [Test worker] DEBUG org.springframework.web.context.support.StandardServletEnvironment - Adding [servletContextInitParams] PropertySource with lowest search precedence
23:40:58.680 [Test worker] DEBUG org.springframework.web.context.support.StandardServletEnvironment - Adding [systemProperties] PropertySource with lowest search precedence
23:40:58.680 [Test worker] DEBUG org.springframework.web.context.support.StandardServletEnvironment - Adding [systemEnvironment] PropertySource with lowest search precedence
23:40:58.680 [Test worker] DEBUG org.springframework.web.context.support.StandardServletEnvironment - Initialized StandardServletEnvironment with PropertySources [servletConfigInitParams,servletContextInitParams,systemProperties,systemEnvironment]
23:40:58.680 [Test worker] INFO org.springframework.mock.web.MockServletContext - Initializing Spring FrameworkServlet ''
23:40:58.681 [Test worker] INFO org.springframework.test.web.servlet.TestDispatcherServlet - FrameworkServlet '': initialization started
23:40:58.681 [Test worker] DEBUG org.springframework.test.web.servlet.TestDispatcherServlet - Unable to locate MultipartResolver with name 'multipartResolver': no multipart request handling provided
23:40:58.681 [Test worker] DEBUG org.springframework.test.web.servlet.TestDispatcherServlet - Using LocaleResolver [org.springframework.web.servlet.i18n.AcceptHeaderLocaleResolver@4f8f8fbf]
23:40:58.681 [Test worker] DEBUG org.springframework.test.web.servlet.TestDispatcherServlet - Using ThemeResolver [org.springframework.web.servlet.theme.FixedThemeResolver@533cbcb4]
23:40:58.681 [Test worker] DEBUG org.springframework.test.web.servlet.TestDispatcherServlet - Using RequestToViewNameTranslator [org.springframework.web.servlet.view.DefaultRequestToViewNameTranslator@20df0ec2]
23:40:58.681 [Test worker] DEBUG org.springframework.test.web.servlet.TestDispatcherServlet - Using FlashMapManager [org.springframework.web.servlet.support.SessionFlashMapManager@2571fdb2]
23:40:58.681 [Test worker] DEBUG org.springframework.test.web.servlet.TestDispatcherServlet - Published WebApplicationContext of servlet '' as ServletContext attribute with name [org.springframework.web.servlet.FrameworkServlet.CONTEXT.]
23:40:58.681 [Test worker] INFO org.springframework.test.web.servlet.TestDispatcherServlet - FrameworkServlet '': initialization completed in 0 ms
23:40:58.681 [Test worker] DEBUG org.springframework.test.web.servlet.TestDispatcherServlet - Servlet '' configured successfully
23:40:58.682 [Test worker] DEBUG org.springframework.test.web.servlet.TestDispatcherServlet - DispatcherServlet with name '' processing GET request for [/ordens_servico/1/cancelar_pagamento]
23:40:58.682 [Test worker] DEBUG org.springframework.test.web.servlet.setup.StandaloneMockMvcBuilder$StaticRequestMappingHandlerMapping - Looking up handler method for path /ordens_servico/1/cancelar_pagamento
23:40:58.684 [Test worker] DEBUG org.springframework.test.web.servlet.setup.StandaloneMockMvcBuilder$StaticRequestMappingHandlerMapping - Returning handler method [public org.springframework.web.servlet.ModelAndView br.com.desafiotecnico.controller.OrdemServicoController.cancelarPagamento(java.lang.Long,org.springframework.web.servlet.mvc.support.RedirectAttributes)]
23:40:58.684 [Test worker] DEBUG org.springframework.test.web.servlet.TestDispatcherServlet - Last-Modified value for [/ordens_servico/1/cancelar_pagamento] is: -1
23:40:58.686 [Test worker] DEBUG org.springframework.test.web.servlet.TestDispatcherServlet - Rendering view [org.springframework.web.servlet.view.RedirectView: unnamed; URL [/]] in DispatcherServlet with name ''
23:40:58.686 [Test worker] DEBUG org.springframework.web.servlet.support.SessionFlashMapManager - Saving FlashMap=FlashMap [attributes={msgSuccess=pagamento cancelado com sucesso!}, targetRequestPath=/, targetRequestParams={}]
23:40:58.686 [Test worker] DEBUG org.springframework.test.web.servlet.TestDispatcherServlet - Successfully completed request
23:40:58.689 [Test worker] DEBUG org.springframework.core.env.StandardEnvironment - Adding [systemProperties] PropertySource with lowest search precedence
23:40:58.690 [Test worker] DEBUG org.springframework.core.env.StandardEnvironment - Adding [systemEnvironment] PropertySource with lowest search precedence
23:40:58.690 [Test worker] DEBUG org.springframework.core.env.StandardEnvironment - Initialized StandardEnvironment with PropertySources [systemProperties,systemEnvironment]
23:40:58.692 [Test worker] DEBUG org.springframework.test.web.servlet.setup.StandaloneMockMvcBuilder$StaticRequestMappingHandlerMapping - Looking for request mappings in application context: org.springframework.test.web.servlet.setup.StubWebApplicationContext@5218e6a7
23:40:58.698 [Test worker] DEBUG org.springframework.test.web.servlet.setup.StandaloneMockMvcBuilder$StaticRequestMappingHandlerMapping - 8 request handler methods found on class br.com.desafiotecnico.controller.OrdemServicoController: {public org.springframework.web.servlet.ModelAndView br.com.desafiotecnico.controller.OrdemServicoController.salvar(br.com.desafiotecnico.model.OrdemServico,org.springframework.validation.BindingResult,org.springframework.web.servlet.mvc.support.RedirectAttributes)={[/ordens_servico/salvar],methods=[POST]}, public org.springframework.web.servlet.ModelAndView br.com.desafiotecnico.controller.OrdemServicoController.remover(java.lang.Long)={[/ordens_servico/{id}/remover],methods=[GET]}, public org.springframework.web.servlet.ModelAndView br.com.desafiotecnico.controller.OrdemServicoController.pagar(java.lang.Long,org.springframework.web.servlet.mvc.support.RedirectAttributes)={[/ordens_servico/{id}/pagar],methods=[GET]}, public org.springframework.web.servlet.ModelAndView br.com.desafiotecnico.controller.OrdemServicoController.cancelarPagamento(java.lang.Long,org.springframework.web.servlet.mvc.support.RedirectAttributes)={[/ordens_servico/{id}/cancelar_pagamento],methods=[GET]}, public org.springframework.web.servlet.ModelAndView br.com.desafiotecnico.controller.OrdemServicoController.novo(java.lang.Long,java.lang.Long)={[/ordens_servico/novo],methods=[GET]}, public org.springframework.web.servlet.ModelAndView br.com.desafiotecnico.controller.OrdemServicoController.editar(java.lang.Long)={[/ordens_servico/{id}/editar],methods=[GET]}, public org.springframework.web.servlet.ModelAndView br.com.desafiotecnico.controller.OrdemServicoController.excluir(java.lang.Long,org.springframework.web.servlet.mvc.support.RedirectAttributes)={[/ordens_servico/{id}/remover],methods=[DELETE]}, public org.springframework.web.servlet.ModelAndView br.com.desafiotecnico.controller.OrdemServicoController.visualizar(java.lang.Long)={[/ordens_servico/{id}],methods=[GET]}}
23:40:58.699 [Test worker] INFO org.springframework.test.web.servlet.setup.StandaloneMockMvcBuilder$StaticRequestMappingHandlerMapping - Mapped "{[/ordens_servico/salvar],methods=[POST]}" onto public org.springframework.web.servlet.ModelAndView br.com.desafiotecnico.controller.OrdemServicoController.salvar(br.com.desafiotecnico.model.OrdemServico,org.springframework.validation.BindingResult,org.springframework.web.servlet.mvc.support.RedirectAttributes)
23:40:58.699 [Test worker] INFO org.springframework.test.web.servlet.setup.StandaloneMockMvcBuilder$StaticRequestMappingHandlerMapping - Mapped "{[/ordens_servico/{id}/remover],methods=[GET]}" onto public org.springframework.web.servlet.ModelAndView br.com.desafiotecnico.controller.OrdemServicoController.remover(java.lang.Long)
23:40:58.699 [Test worker] INFO org.springframework.test.web.servlet.setup.StandaloneMockMvcBuilder$StaticRequestMappingHandlerMapping - Mapped "{[/ordens_servico/{id}/pagar],methods=[GET]}" onto public org.springframework.web.servlet.ModelAndView br.com.desafiotecnico.controller.OrdemServicoController.pagar(java.lang.Long,org.springframework.web.servlet.mvc.support.RedirectAttributes)
23:40:58.700 [Test worker] INFO org.springframework.test.web.servlet.setup.StandaloneMockMvcBuilder$StaticRequestMappingHandlerMapping - Mapped "{[/ordens_servico/{id}/cancelar_pagamento],methods=[GET]}" onto public org.springframework.web.servlet.ModelAndView br.com.desafiotecnico.controller.OrdemServicoController.cancelarPagamento(java.lang.Long,org.springframework.web.servlet.mvc.support.RedirectAttributes)
23:40:58.700 [Test worker] INFO org.springframework.test.web.servlet.setup.StandaloneMockMvcBuilder$StaticRequestMappingHandlerMapping - Mapped "{[/ordens_servico/novo],methods=[GET]}" onto public org.springframework.web.servlet.ModelAndView br.com.desafiotecnico.controller.OrdemServicoController.novo(java.lang.Long,java.lang.Long)
23:40:58.700 [Test worker] INFO org.springframework.test.web.servlet.setup.StandaloneMockMvcBuilder$StaticRequestMappingHandlerMapping - Mapped "{[/ordens_servico/{id}/editar],methods=[GET]}" onto public org.springframework.web.servlet.ModelAndView br.com.desafiotecnico.controller.OrdemServicoController.editar(java.lang.Long)
23:40:58.701 [Test worker] INFO org.springframework.test.web.servlet.setup.StandaloneMockMvcBuilder$StaticRequestMappingHandlerMapping - Mapped "{[/ordens_servico/{id}/remover],methods=[DELETE]}" onto public org.springframework.web.servlet.ModelAndView br.com.desafiotecnico.controller.OrdemServicoController.excluir(java.lang.Long,org.springframework.web.servlet.mvc.support.RedirectAttributes)
23:40:58.701 [Test worker] INFO org.springframework.test.web.servlet.setup.StandaloneMockMvcBuilder$StaticRequestMappingHandlerMapping - Mapped "{[/ordens_servico/{id}],methods=[GET]}" onto public org.springframework.web.servlet.ModelAndView br.com.desafiotecnico.controller.OrdemServicoController.visualizar(java.lang.Long)
23:40:58.727 [Test worker] DEBUG org.hibernate.validator.internal.engine.resolver.DefaultTraversableResolver - Found javax.persistence.Persistence on classpath containing 'getPersistenceUtil'. Assuming JPA 2 environment. Trying to instantiate JPA aware TraversableResolver
23:40:58.728 [Test worker] DEBUG org.hibernate.validator.internal.engine.resolver.DefaultTraversableResolver - Instantiated JPA aware TraversableResolver of type org.hibernate.validator.internal.engine.resolver.JPATraversableResolver.
23:40:58.728 [Test worker] DEBUG org.hibernate.validator.internal.engine.ConfigurationImpl - Setting custom MessageInterpolator of type org.springframework.validation.beanvalidation.LocaleContextMessageInterpolator
23:40:58.728 [Test worker] DEBUG org.hibernate.validator.internal.engine.ConfigurationImpl - Setting custom ParameterNameProvider of type com.sun.proxy.$Proxy23
23:40:58.728 [Test worker] DEBUG org.hibernate.validator.internal.xml.ValidationXmlParser - Trying to load META-INF/validation.xml for XML based Validator configuration.
23:40:58.728 [Test worker] DEBUG org.hibernate.validator.internal.xml.ResourceLoaderHelper - Trying to load META-INF/validation.xml via TCCL
23:40:58.729 [Test worker] DEBUG org.hibernate.validator.internal.xml.ResourceLoaderHelper - Trying to load META-INF/validation.xml via Hibernate Validator's class loader
23:40:58.730 [Test worker] DEBUG org.hibernate.validator.internal.xml.ValidationXmlParser - No META-INF/validation.xml found. Using annotation based configuration only.
23:40:58.734 [Test worker] INFO org.springframework.web.servlet.mvc.method.annotation.RequestMappingHandlerAdapter - Looking for @ControllerAdvice: org.springframework.test.web.servlet.setup.StubWebApplicationContext@5218e6a7
23:40:58.741 [Test worker] DEBUG org.springframework.web.servlet.mvc.method.annotation.ExceptionHandlerExceptionResolver - Looking for exception mappings: org.springframework.test.web.servlet.setup.StubWebApplicationContext@5218e6a7
23:40:58.741 [Test worker] DEBUG org.springframework.test.web.servlet.TestDispatcherServlet - Initializing servlet ''
23:40:58.742 [Test worker] DEBUG org.springframework.web.context.support.StandardServletEnvironment - Adding [servletConfigInitParams] PropertySource with lowest search precedence
23:40:58.742 [Test worker] DEBUG org.springframework.web.context.support.StandardServletEnvironment - Adding [servletContextInitParams] PropertySource with lowest search precedence
23:40:58.742 [Test worker] DEBUG org.springframework.web.context.support.StandardServletEnvironment - Adding [systemProperties] PropertySource with lowest search precedence
23:40:58.742 [Test worker] DEBUG org.springframework.web.context.support.StandardServletEnvironment - Adding [systemEnvironment] PropertySource with lowest search precedence
23:40:58.743 [Test worker] DEBUG org.springframework.web.context.support.StandardServletEnvironment - Initialized StandardServletEnvironment with PropertySources [servletConfigInitParams,servletContextInitParams,systemProperties,systemEnvironment]
23:40:58.743 [Test worker] INFO org.springframework.mock.web.MockServletContext - Initializing Spring FrameworkServlet ''
23:40:58.743 [Test worker] INFO org.springframework.test.web.servlet.TestDispatcherServlet - FrameworkServlet '': initialization started
23:40:58.743 [Test worker] DEBUG org.springframework.test.web.servlet.TestDispatcherServlet - Unable to locate MultipartResolver with name 'multipartResolver': no multipart request handling provided
23:40:58.743 [Test worker] DEBUG org.springframework.test.web.servlet.TestDispatcherServlet - Using LocaleResolver [org.springframework.web.servlet.i18n.AcceptHeaderLocaleResolver@1b2992bf]
23:40:58.743 [Test worker] DEBUG org.springframework.test.web.servlet.TestDispatcherServlet - Using ThemeResolver [org.springframework.web.servlet.theme.FixedThemeResolver@212d082b]
23:40:58.743 [Test worker] DEBUG org.springframework.test.web.servlet.TestDispatcherServlet - Using RequestToViewNameTranslator [org.springframework.web.servlet.view.DefaultRequestToViewNameTranslator@3f1ee0d4]
23:40:58.743 [Test worker] DEBUG org.springframework.test.web.servlet.TestDispatcherServlet - Using FlashMapManager [org.springframework.web.servlet.support.SessionFlashMapManager@73cee391]
23:40:58.743 [Test worker] DEBUG org.springframework.test.web.servlet.TestDispatcherServlet - Published WebApplicationContext of servlet '' as ServletContext attribute with name [org.springframework.web.servlet.FrameworkServlet.CONTEXT.]
23:40:58.743 [Test worker] INFO org.springframework.test.web.servlet.TestDispatcherServlet - FrameworkServlet '': initialization completed in 0 ms
23:40:58.743 [Test worker] DEBUG org.springframework.test.web.servlet.TestDispatcherServlet - Servlet '' configured successfully
23:40:58.744 [Test worker] DEBUG org.springframework.test.web.servlet.TestDispatcherServlet - DispatcherServlet with name '' processing DELETE request for [/ordens_servico/1/remover]
23:40:58.744 [Test worker] DEBUG org.springframework.test.web.servlet.setup.StandaloneMockMvcBuilder$StaticRequestMappingHandlerMapping - Looking up handler method for path /ordens_servico/1/remover
23:40:58.745 [Test worker] DEBUG org.springframework.test.web.servlet.setup.StandaloneMockMvcBuilder$StaticRequestMappingHandlerMapping - Returning handler method [public org.springframework.web.servlet.ModelAndView br.com.desafiotecnico.controller.OrdemServicoController.excluir(java.lang.Long,org.springframework.web.servlet.mvc.support.RedirectAttributes)]
23:40:58.747 [Test worker] DEBUG org.springframework.test.web.servlet.TestDispatcherServlet - Rendering view [org.springframework.web.servlet.view.RedirectView: unnamed; URL [/]] in DispatcherServlet with name ''
23:40:58.747 [Test worker] DEBUG org.springframework.web.servlet.support.SessionFlashMapManager - Saving FlashMap=FlashMap [attributes={msgSuccess=Ordem de serviço excluída com sucesso!}, targetRequestPath=/, targetRequestParams={}]
23:40:58.747 [Test worker] DEBUG org.springframework.test.web.servlet.TestDispatcherServlet - Successfully completed request
]]></system-out>
  <system-err><![CDATA[]]></system-err>
</testsuite>
